driver loaded!
https://www.obrienswine.ie/collections/spirits?page=1
30
https://www.obrienswine.ie/collections/spirits?page=2
30
https://www.obrienswine.ie/collections/spirits?page=3
30
https://www.obrienswine.ie/collections/spirits?page=4
30
https://www.obrienswine.ie/collections/spirits?page=5
30
https://www.obrienswine.ie/collections/spirits?page=6
30
https://www.obrienswine.ie/collections/spirits?page=7
30
https://www.obrienswine.ie/collections/spirits?page=8
30
https://www.obrienswine.ie/collections/spirits?page=9
18
https://www.obrienswine.ie/collections/spirits?page=10
0
https://www.obrienswine.ie/collections/wine?page=1
30
https://www.obrienswine.ie/collections/wine?page=2
30
https://www.obrienswine.ie/collections/wine?page=3
30
https://www.obrienswine.ie/collections/wine?page=4
30
https://www.obrienswine.ie/collections/wine?page=5
30
https://www.obrienswine.ie/collections/wine?page=6
30
https://www.obrienswine.ie/collections/wine?page=7
30
https://www.obrienswine.ie/collections/wine?page=8
30
https://www.obrienswine.ie/collections/wine?page=9
30
https://www.obrienswine.ie/collections/wine?page=10
30
https://www.obrienswine.ie/collections/wine?page=11
30
https://www.obrienswine.ie/collections/wine?page=12
30
https://www.obrienswine.ie/collections/wine?page=13
30
https://www.obrienswine.ie/collections/wine?page=14
30
https://www.obrienswine.ie/collections/wine?page=15
30
https://www.obrienswine.ie/collections/wine?page=16
30
https://www.obrienswine.ie/collections/wine?page=17
30
https://www.obrienswine.ie/collections/wine?page=18
30
https://www.obrienswine.ie/collections/wine?page=19
9
https://www.obrienswine.ie/collections/wine?page=20
0
https://www.obrienswine.ie/collections/beer?page=1
24
https://www.obrienswine.ie/collections/beer?page=2
0
https://www.obrienswine.ie/collections/champange-sparkling?page=1
30
https://www.obrienswine.ie/collections/champange-sparkling?page=2
30
https://www.obrienswine.ie/collections/champange-sparkling?page=3
0
https://www.obrienswine.ie/collections/mixed-cases?page=1
7
https://www.obrienswine.ie/collections/mixed-cases?page=2
0
https://www.obrienswine.ie/collections/gifts?page=1
4
https://www.obrienswine.ie/collections/gifts?page=2
0
202008-34
outputting file
driver loaded!
https://www.obrienswine.ie/collections/spirits?page=1
30
https://www.obrienswine.ie/collections/spirits?page=2
30
https://www.obrienswine.ie/collections/spirits?page=3
30
https://www.obrienswine.ie/collections/spirits?page=4
30
https://www.obrienswine.ie/collections/spirits?page=5
30
https://www.obrienswine.ie/collections/spirits?page=6
30
https://www.obrienswine.ie/collections/spirits?page=7
30
https://www.obrienswine.ie/collections/spirits?page=8
30
https://www.obrienswine.ie/collections/spirits?page=9
23
https://www.obrienswine.ie/collections/spirits?page=10
0
https://www.obrienswine.ie/collections/wine?page=1
30
https://www.obrienswine.ie/collections/wine?page=2
30
https://www.obrienswine.ie/collections/wine?page=3
30
https://www.obrienswine.ie/collections/wine?page=4
30
https://www.obrienswine.ie/collections/wine?page=5
30
https://www.obrienswine.ie/collections/wine?page=6
30
https://www.obrienswine.ie/collections/wine?page=7
30
https://www.obrienswine.ie/collections/wine?page=8
30
https://www.obrienswine.ie/collections/wine?page=9
30
https://www.obrienswine.ie/collections/wine?page=10
30
https://www.obrienswine.ie/collections/wine?page=11
30
https://www.obrienswine.ie/collections/wine?page=12
30
https://www.obrienswine.ie/collections/wine?page=13
30
https://www.obrienswine.ie/collections/wine?page=14
30
https://www.obrienswine.ie/collections/wine?page=15
30
https://www.obrienswine.ie/collections/wine?page=16
30
https://www.obrienswine.ie/collections/wine?page=17
30
https://www.obrienswine.ie/collections/wine?page=18
30
https://www.obrienswine.ie/collections/wine?page=19
15
https://www.obrienswine.ie/collections/wine?page=20
0
https://www.obrienswine.ie/collections/beer?page=1
24
https://www.obrienswine.ie/collections/beer?page=2
0
https://www.obrienswine.ie/collections/champange-sparkling?page=1
30
https://www.obrienswine.ie/collections/champange-sparkling?page=2
27
https://www.obrienswine.ie/collections/champange-sparkling?page=3
0
https://www.obrienswine.ie/collections/mixed-cases?page=1
7
https://www.obrienswine.ie/collections/mixed-cases?page=2
0
https://www.obrienswine.ie/collections/gifts?page=1
5
https://www.obrienswine.ie/collections/gifts?page=2
0
202009-35
outputting file
driver loaded!
https://www.obrienswine.ie/collections/spirits?page=1
30
https://www.obrienswine.ie/collections/spirits?page=2
30
https://www.obrienswine.ie/collections/spirits?page=3
30
https://www.obrienswine.ie/collections/spirits?page=4
30
https://www.obrienswine.ie/collections/spirits?page=5
30
https://www.obrienswine.ie/collections/spirits?page=6
30
https://www.obrienswine.ie/collections/spirits?page=7
30
https://www.obrienswine.ie/collections/spirits?page=8
30
https://www.obrienswine.ie/collections/spirits?page=9
30
https://www.obrienswine.ie/collections/spirits?page=10
1
https://www.obrienswine.ie/collections/spirits?page=11
0
https://www.obrienswine.ie/collections/wine?page=1
30
https://www.obrienswine.ie/collections/wine?page=2
30
https://www.obrienswine.ie/collections/wine?page=3
30
https://www.obrienswine.ie/collections/wine?page=4
30
https://www.obrienswine.ie/collections/wine?page=5
30
https://www.obrienswine.ie/collections/wine?page=6
30
https://www.obrienswine.ie/collections/wine?page=7
30
https://www.obrienswine.ie/collections/wine?page=8
30
https://www.obrienswine.ie/collections/wine?page=9
30
https://www.obrienswine.ie/collections/wine?page=10
30
https://www.obrienswine.ie/collections/wine?page=11
30
https://www.obrienswine.ie/collections/wine?page=12
30
https://www.obrienswine.ie/collections/wine?page=13
30
https://www.obrienswine.ie/collections/wine?page=14
30
https://www.obrienswine.ie/collections/wine?page=15
30
https://www.obrienswine.ie/collections/wine?page=16
30
https://www.obrienswine.ie/collections/wine?page=17
30
https://www.obrienswine.ie/collections/wine?page=18
7
https://www.obrienswine.ie/collections/wine?page=19
0
https://www.obrienswine.ie/collections/beer?page=1
16
https://www.obrienswine.ie/collections/beer?page=2
0
https://www.obrienswine.ie/collections/champange-sparkling?page=1
30
https://www.obrienswine.ie/collections/champange-sparkling?page=2
28
https://www.obrienswine.ie/collections/champange-sparkling?page=3
0
https://www.obrienswine.ie/collections/mixed-cases?page=1
8
https://www.obrienswine.ie/collections/mixed-cases?page=2
0
https://www.obrienswine.ie/collections/gifts?page=1
5
https://www.obrienswine.ie/collections/gifts?page=2
0
202009-36
outputting file
driver loaded!
https://www.obrienswine.ie/collections/spirits?page=1
Traceback (most recent call last):
  File "Scrape_Obriens.py", line 65, in <module>
    wd.get(other)
  File "/home/pi/.local/lib/python3.7/site-packages/selenium/webdriver/remote/webdriver.py", line 333, in get
    self.execute(Command.GET, {'url': url})
  File "/home/pi/.local/lib/python3.7/site-packages/selenium/webdriver/remote/webdriver.py", line 321, in execute
    self.error_handler.check_response(response)
  File "/home/pi/.local/lib/python3.7/site-packages/selenium/webdriver/remote/errorhandler.py", line 242, in check_response
    raise exception_class(message, screen, stacktrace)
selenium.common.exceptions.TimeoutException: Message: timeout: Timed out receiving message from renderer: 270.589
  (Session info: headless chrome=83.0.4103.116)

driver loaded!
https://www.obrienswine.ie/collections/spirits?page=1
30
https://www.obrienswine.ie/collections/spirits?page=2
30
https://www.obrienswine.ie/collections/spirits?page=3
30
https://www.obrienswine.ie/collections/spirits?page=4
30
https://www.obrienswine.ie/collections/spirits?page=5
30
https://www.obrienswine.ie/collections/spirits?page=6
30
https://www.obrienswine.ie/collections/spirits?page=7
30
https://www.obrienswine.ie/collections/spirits?page=8
30
https://www.obrienswine.ie/collections/spirits?page=9
19
https://www.obrienswine.ie/collections/spirits?page=10
0
https://www.obrienswine.ie/collections/wine?page=1
30
https://www.obrienswine.ie/collections/wine?page=2
30
https://www.obrienswine.ie/collections/wine?page=3
30
https://www.obrienswine.ie/collections/wine?page=4
30
https://www.obrienswine.ie/collections/wine?page=5
30
https://www.obrienswine.ie/collections/wine?page=6
30
https://www.obrienswine.ie/collections/wine?page=7
30
https://www.obrienswine.ie/collections/wine?page=8
30
https://www.obrienswine.ie/collections/wine?page=9
30
https://www.obrienswine.ie/collections/wine?page=10
30
https://www.obrienswine.ie/collections/wine?page=11
30
https://www.obrienswine.ie/collections/wine?page=12
30
https://www.obrienswine.ie/collections/wine?page=13
30
https://www.obrienswine.ie/collections/wine?page=14
30
https://www.obrienswine.ie/collections/wine?page=15
30
https://www.obrienswine.ie/collections/wine?page=16
30
https://www.obrienswine.ie/collections/wine?page=17
30
https://www.obrienswine.ie/collections/wine?page=18
25
https://www.obrienswine.ie/collections/wine?page=19
0
https://www.obrienswine.ie/collections/beer?page=1
24
https://www.obrienswine.ie/collections/beer?page=2
0
https://www.obrienswine.ie/collections/champange-sparkling?page=1
30
https://www.obrienswine.ie/collections/champange-sparkling?page=2
24
https://www.obrienswine.ie/collections/champange-sparkling?page=3
0
https://www.obrienswine.ie/collections/mixed-cases?page=1
8
https://www.obrienswine.ie/collections/mixed-cases?page=2
0
https://www.obrienswine.ie/collections/gifts?page=1
4
https://www.obrienswine.ie/collections/gifts?page=2
0
202009-37
outputting file
