https://shop.supervalu.ie/shopping/wine-beer-spirits/c-150100075?page=4
https://shop.supervalu.ie/shopping/wine-beer-spirits-vodka/c-150302430?page=4
https://shop.supervalu.ie/shopping/wine-beer-spirits-irish-whiskey/c-150302435?page=4
https://shop.supervalu.ie/shopping/wine-beer-spirits-american-whiskey/c-150302450?page=4
https://shop.supervalu.ie/shopping/wine-beer-spirits-scotch-whisky/c-150302440?page=4
https://shop.supervalu.ie/shopping/wine-beer-spirits-brandy/c-150302455?page=4
https://shop.supervalu.ie/shopping/wine-beer-spirits-cream-liquers/c-150302460?page=4
https://shop.supervalu.ie/shopping/wine-beer-spirits-gin/c-150302465?page=4
https://shop.supervalu.ie/shopping/wine-beer-spirits-rum/c-150302475?page=4
https://shop.supervalu.ie/shopping/wine-beer-spirits-other/c-150302480?page=4
https://shop.supervalu.ie/shopping/wine-beer-spirits-lager/c-150302375?page=4
https://shop.supervalu.ie/shopping/wine-beer-spirits-stout/c-150302380?page=4
https://shop.supervalu.ie/shopping/wine-beer-spirits-ale/c-150302385?page=4
https://shop.supervalu.ie/shopping/wine-beer-spirits-lager/c-150302386?page=4
https://shop.supervalu.ie/shopping/wine-beer-spirits-stout/c-150302387?page=4
https://shop.supervalu.ie/shopping/wine-beer-spirits-ale/c-150302388?page=4
https://shop.supervalu.ie/shopping/wine-beer-spirits-cider/c-150302389?page=4
https://shop.supervalu.ie/shopping/wine-beer-spirits-cider/c-150302390?page=4
https://shop.supervalu.ie/shopping/wine-beer-spirits-alcopops/c-150302395?page=4
https://shop.supervalu.ie/shopping/wine-beer-spirits-rose/c-150302555?page=4
https://shop.supervalu.ie/shopping/wine-beer-spirits-other-fortified-dessert-wines/c-150410130?page=4
https://shop.supervalu.ie/shopping/wine-beer-spirits-port/c-150410125?page=4
https://shop.supervalu.ie/shopping/wine-beer-spirits-sherry/c-150410120?page=4
https://shop.supervalu.ie/shopping/wine-beer-spirits-champagne-sparkling/c-150302545?page=4
https://shop.supervalu.ie/shopping/wine-beer-spirits-australia/c-150409945?page=4
https://shop.supervalu.ie/shopping/wine-beer-spirits-chile/c-150409950?page=4
https://shop.supervalu.ie/shopping/wine-beer-spirits/c-150100075?page=4
https://shop.supervalu.ie/shopping/wine-beer-spirits-vodka/c-150302430?page=4
https://shop.supervalu.ie/shopping/wine-beer-spirits-irish-whiskey/c-150302435?page=4
https://shop.supervalu.ie/shopping/wine-beer-spirits-american-whiskey/c-150302450?page=4
https://shop.supervalu.ie/shopping/wine-beer-spirits-scotch-whisky/c-150302440?page=4
https://shop.supervalu.ie/shopping/wine-beer-spirits-brandy/c-150302455?page=4
https://shop.supervalu.ie/shopping/wine-beer-spirits-cream-liquers/c-150302460?page=4
https://shop.supervalu.ie/shopping/wine-beer-spirits-gin/c-150302465?page=4
https://shop.supervalu.ie/shopping/wine-beer-spirits-rum/c-150302475?page=4
https://shop.supervalu.ie/shopping/wine-beer-spirits-other/c-150302480?page=4
https://shop.supervalu.ie/shopping/wine-beer-spirits-lager/c-150302375?page=4
https://shop.supervalu.ie/shopping/wine-beer-spirits-stout/c-150302380?page=4
https://shop.supervalu.ie/shopping/wine-beer-spirits-ale/c-150302385?page=4
https://shop.supervalu.ie/shopping/wine-beer-spirits-lager/c-150302386?page=4
https://shop.supervalu.ie/shopping/wine-beer-spirits-stout/c-150302387?page=4
https://shop.supervalu.ie/shopping/wine-beer-spirits-ale/c-150302388?page=4
https://shop.supervalu.ie/shopping/wine-beer-spirits-cider/c-150302389?page=4
https://shop.supervalu.ie/shopping/wine-beer-spirits-cider/c-150302390?page=4
https://shop.supervalu.ie/shopping/wine-beer-spirits-alcopops/c-150302395?page=4
https://shop.supervalu.ie/shopping/wine-beer-spirits-rose/c-150302555?page=4
https://shop.supervalu.ie/shopping/wine-beer-spirits-other-fortified-dessert-wines/c-150410130?page=4
https://shop.supervalu.ie/shopping/wine-beer-spirits-port/c-150410125?page=4
https://shop.supervalu.ie/shopping/wine-beer-spirits-sherry/c-150410120?page=4
https://shop.supervalu.ie/shopping/wine-beer-spirits-champagne-sparkling/c-150302545?page=4
https://shop.supervalu.ie/shopping/wine-beer-spirits-australia/c-150409945?page=4
https://shop.supervalu.ie/shopping/wine-beer-spirits-chile/c-150409950?page=4
https://shop.supervalu.ie/shopping/wine-beer-spirits/c-150100075?page=4
https://shop.supervalu.ie/shopping/wine-beer-spirits-vodka/c-150302430?page=4
https://shop.supervalu.ie/shopping/wine-beer-spirits-irish-whiskey/c-150302435?page=4
https://shop.supervalu.ie/shopping/wine-beer-spirits-american-whiskey/c-150302450?page=4
https://shop.supervalu.ie/shopping/wine-beer-spirits-scotch-whisky/c-150302440?page=4
https://shop.supervalu.ie/shopping/wine-beer-spirits-brandy/c-150302455?page=4
https://shop.supervalu.ie/shopping/wine-beer-spirits-cream-liquers/c-150302460?page=4
https://shop.supervalu.ie/shopping/wine-beer-spirits-gin/c-150302465?page=4
https://shop.supervalu.ie/shopping/wine-beer-spirits-rum/c-150302475?page=4
https://shop.supervalu.ie/shopping/wine-beer-spirits-other/c-150302480?page=4
https://shop.supervalu.ie/shopping/wine-beer-spirits-lager/c-150302375?page=4
https://shop.supervalu.ie/shopping/wine-beer-spirits-stout/c-150302380?page=4
https://shop.supervalu.ie/shopping/wine-beer-spirits-ale/c-150302385?page=4
https://shop.supervalu.ie/shopping/wine-beer-spirits-lager/c-150302386?page=4
https://shop.supervalu.ie/shopping/wine-beer-spirits-stout/c-150302387?page=4
https://shop.supervalu.ie/shopping/wine-beer-spirits-ale/c-150302388?page=4
https://shop.supervalu.ie/shopping/wine-beer-spirits-cider/c-150302389?page=4
https://shop.supervalu.ie/shopping/wine-beer-spirits-cider/c-150302390?page=4
https://shop.supervalu.ie/shopping/wine-beer-spirits-alcopops/c-150302395?page=4
https://shop.supervalu.ie/shopping/wine-beer-spirits-rose/c-150302555?page=4
https://shop.supervalu.ie/shopping/wine-beer-spirits-other-fortified-dessert-wines/c-150410130?page=4
https://shop.supervalu.ie/shopping/wine-beer-spirits-port/c-150410125?page=4
https://shop.supervalu.ie/shopping/wine-beer-spirits-sherry/c-150410120?page=4
https://shop.supervalu.ie/shopping/wine-beer-spirits-champagne-sparkling/c-150302545?page=4
https://shop.supervalu.ie/shopping/wine-beer-spirits-australia/c-150409945?page=4
https://shop.supervalu.ie/shopping/wine-beer-spirits-chile/c-150409950?page=4
https://shop.supervalu.ie/shopping/wine-beer-spirits/c-150100075?page=4
https://shop.supervalu.ie/shopping/wine-beer-spirits-vodka/c-150302430?page=4
https://shop.supervalu.ie/shopping/wine-beer-spirits-irish-whiskey/c-150302435?page=4
https://shop.supervalu.ie/shopping/wine-beer-spirits-american-whiskey/c-150302450?page=4
https://shop.supervalu.ie/shopping/wine-beer-spirits-scotch-whisky/c-150302440?page=4
https://shop.supervalu.ie/shopping/wine-beer-spirits-brandy/c-150302455?page=4
https://shop.supervalu.ie/shopping/wine-beer-spirits-cream-liquers/c-150302460?page=4
https://shop.supervalu.ie/shopping/wine-beer-spirits-gin/c-150302465?page=4
https://shop.supervalu.ie/shopping/wine-beer-spirits-rum/c-150302475?page=4
https://shop.supervalu.ie/shopping/wine-beer-spirits-other/c-150302480?page=4
https://shop.supervalu.ie/shopping/wine-beer-spirits-lager/c-150302375?page=4
https://shop.supervalu.ie/shopping/wine-beer-spirits-stout/c-150302380?page=4
https://shop.supervalu.ie/shopping/wine-beer-spirits-ale/c-150302385?page=4
https://shop.supervalu.ie/shopping/wine-beer-spirits-lager/c-150302386?page=4
https://shop.supervalu.ie/shopping/wine-beer-spirits-stout/c-150302387?page=4
https://shop.supervalu.ie/shopping/wine-beer-spirits-ale/c-150302388?page=4
https://shop.supervalu.ie/shopping/wine-beer-spirits-cider/c-150302389?page=4
https://shop.supervalu.ie/shopping/wine-beer-spirits-cider/c-150302390?page=4
https://shop.supervalu.ie/shopping/wine-beer-spirits-alcopops/c-150302395?page=4
https://shop.supervalu.ie/shopping/wine-beer-spirits-rose/c-150302555?page=4
https://shop.supervalu.ie/shopping/wine-beer-spirits-other-fortified-dessert-wines/c-150410130?page=4
https://shop.supervalu.ie/shopping/wine-beer-spirits-port/c-150410125?page=4
https://shop.supervalu.ie/shopping/wine-beer-spirits-sherry/c-150410120?page=4
https://shop.supervalu.ie/shopping/wine-beer-spirits-champagne-sparkling/c-150302545?page=4
https://shop.supervalu.ie/shopping/wine-beer-spirits-australia/c-150409945?page=4
https://shop.supervalu.ie/shopping/wine-beer-spirits-chile/c-150409950?page=4
https://shop.supervalu.ie/shopping/wine-beer-spirits/c-150100075?page=4
https://shop.supervalu.ie/shopping/wine-beer-spirits-vodka/c-150302430?page=4
https://shop.supervalu.ie/shopping/wine-beer-spirits-irish-whiskey/c-150302435?page=4
https://shop.supervalu.ie/shopping/wine-beer-spirits-american-whiskey/c-150302450?page=4
https://shop.supervalu.ie/shopping/wine-beer-spirits-scotch-whisky/c-150302440?page=4
https://shop.supervalu.ie/shopping/wine-beer-spirits-brandy/c-150302455?page=4
https://shop.supervalu.ie/shopping/wine-beer-spirits-cream-liquers/c-150302460?page=4
https://shop.supervalu.ie/shopping/wine-beer-spirits-gin/c-150302465?page=4
https://shop.supervalu.ie/shopping/wine-beer-spirits-rum/c-150302475?page=4
https://shop.supervalu.ie/shopping/wine-beer-spirits-other/c-150302480?page=4
https://shop.supervalu.ie/shopping/wine-beer-spirits-lager/c-150302375?page=4
https://shop.supervalu.ie/shopping/wine-beer-spirits-stout/c-150302380?page=4
https://shop.supervalu.ie/shopping/wine-beer-spirits-ale/c-150302385?page=4
https://shop.supervalu.ie/shopping/wine-beer-spirits-lager/c-150302386?page=4
https://shop.supervalu.ie/shopping/wine-beer-spirits-stout/c-150302387?page=4
https://shop.supervalu.ie/shopping/wine-beer-spirits-ale/c-150302388?page=4
https://shop.supervalu.ie/shopping/wine-beer-spirits-cider/c-150302389?page=4
https://shop.supervalu.ie/shopping/wine-beer-spirits-cider/c-150302390?page=4
https://shop.supervalu.ie/shopping/wine-beer-spirits-alcopops/c-150302395?page=4
https://shop.supervalu.ie/shopping/wine-beer-spirits-rose/c-150302555?page=4
https://shop.supervalu.ie/shopping/wine-beer-spirits-other-fortified-dessert-wines/c-150410130?page=4
https://shop.supervalu.ie/shopping/wine-beer-spirits-port/c-150410125?page=4
https://shop.supervalu.ie/shopping/wine-beer-spirits-sherry/c-150410120?page=4
https://shop.supervalu.ie/shopping/wine-beer-spirits-champagne-sparkling/c-150302545?page=4
https://shop.supervalu.ie/shopping/wine-beer-spirits-australia/c-150409945?page=4
https://shop.supervalu.ie/shopping/wine-beer-spirits-chile/c-150409950?page=4
https://shop.supervalu.ie/shopping/wine-beer-spirits/c-150100075?page=4
https://shop.supervalu.ie/shopping/wine-beer-spirits-vodka/c-150302430?page=4
https://shop.supervalu.ie/shopping/wine-beer-spirits-irish-whiskey/c-150302435?page=4
https://shop.supervalu.ie/shopping/wine-beer-spirits-american-whiskey/c-150302450?page=4
https://shop.supervalu.ie/shopping/wine-beer-spirits-scotch-whisky/c-150302440?page=4
https://shop.supervalu.ie/shopping/wine-beer-spirits-brandy/c-150302455?page=4
https://shop.supervalu.ie/shopping/wine-beer-spirits-cream-liquers/c-150302460?page=4
https://shop.supervalu.ie/shopping/wine-beer-spirits-gin/c-150302465?page=4
https://shop.supervalu.ie/shopping/wine-beer-spirits-rum/c-150302475?page=4
https://shop.supervalu.ie/shopping/wine-beer-spirits-other/c-150302480?page=4
https://shop.supervalu.ie/shopping/wine-beer-spirits-lager/c-150302375?page=4
https://shop.supervalu.ie/shopping/wine-beer-spirits-stout/c-150302380?page=4
https://shop.supervalu.ie/shopping/wine-beer-spirits-ale/c-150302385?page=4
https://shop.supervalu.ie/shopping/wine-beer-spirits-lager/c-150302386?page=4
https://shop.supervalu.ie/shopping/wine-beer-spirits-stout/c-150302387?page=4
https://shop.supervalu.ie/shopping/wine-beer-spirits-ale/c-150302388?page=4
https://shop.supervalu.ie/shopping/wine-beer-spirits-cider/c-150302389?page=4
https://shop.supervalu.ie/shopping/wine-beer-spirits-cider/c-150302390?page=4
https://shop.supervalu.ie/shopping/wine-beer-spirits-alcopops/c-150302395?page=4
https://shop.supervalu.ie/shopping/wine-beer-spirits-rose/c-150302555?page=4
https://shop.supervalu.ie/shopping/wine-beer-spirits-other-fortified-dessert-wines/c-150410130?page=4
https://shop.supervalu.ie/shopping/wine-beer-spirits-port/c-150410125?page=4
https://shop.supervalu.ie/shopping/wine-beer-spirits-sherry/c-150410120?page=4
https://shop.supervalu.ie/shopping/wine-beer-spirits-champagne-sparkling/c-150302545?page=4
https://shop.supervalu.ie/shopping/wine-beer-spirits-australia/c-150409945?page=4
https://shop.supervalu.ie/shopping/wine-beer-spirits-chile/c-150409950?page=4
https://shop.supervalu.ie/shopping/wine-beer-spirits/c-150100075?page=4
https://shop.supervalu.ie/shopping/wine-beer-spirits-vodka/c-150302430?page=4
https://shop.supervalu.ie/shopping/wine-beer-spirits-irish-whiskey/c-150302435?page=4
https://shop.supervalu.ie/shopping/wine-beer-spirits-american-whiskey/c-150302450?page=4
https://shop.supervalu.ie/shopping/wine-beer-spirits-scotch-whisky/c-150302440?page=4
https://shop.supervalu.ie/shopping/wine-beer-spirits-brandy/c-150302455?page=4
https://shop.supervalu.ie/shopping/wine-beer-spirits-cream-liquers/c-150302460?page=4
https://shop.supervalu.ie/shopping/wine-beer-spirits-gin/c-150302465?page=4
https://shop.supervalu.ie/shopping/wine-beer-spirits-rum/c-150302475?page=4
https://shop.supervalu.ie/shopping/wine-beer-spirits-other/c-150302480?page=4
https://shop.supervalu.ie/shopping/wine-beer-spirits-lager/c-150302375?page=4
https://shop.supervalu.ie/shopping/wine-beer-spirits-stout/c-150302380?page=4
https://shop.supervalu.ie/shopping/wine-beer-spirits-ale/c-150302385?page=4
https://shop.supervalu.ie/shopping/wine-beer-spirits-lager/c-150302386?page=4
https://shop.supervalu.ie/shopping/wine-beer-spirits-stout/c-150302387?page=4
https://shop.supervalu.ie/shopping/wine-beer-spirits-ale/c-150302388?page=4
https://shop.supervalu.ie/shopping/wine-beer-spirits-cider/c-150302389?page=4
https://shop.supervalu.ie/shopping/wine-beer-spirits-cider/c-150302390?page=4
https://shop.supervalu.ie/shopping/wine-beer-spirits-alcopops/c-150302395?page=4
https://shop.supervalu.ie/shopping/wine-beer-spirits-rose/c-150302555?page=4
https://shop.supervalu.ie/shopping/wine-beer-spirits-other-fortified-dessert-wines/c-150410130?page=4
https://shop.supervalu.ie/shopping/wine-beer-spirits-port/c-150410125?page=4
https://shop.supervalu.ie/shopping/wine-beer-spirits-sherry/c-150410120?page=4
https://shop.supervalu.ie/shopping/wine-beer-spirits-champagne-sparkling/c-150302545?page=4
https://shop.supervalu.ie/shopping/wine-beer-spirits-australia/c-150409945?page=4
https://shop.supervalu.ie/shopping/wine-beer-spirits-chile/c-150409950?page=4
https://shop.supervalu.ie/shopping/wine-beer-spirits/c-150100075?page=4
https://shop.supervalu.ie/shopping/wine-beer-spirits-vodka/c-150302430?page=4
https://shop.supervalu.ie/shopping/wine-beer-spirits-irish-whiskey/c-150302435?page=4
https://shop.supervalu.ie/shopping/wine-beer-spirits-american-whiskey/c-150302450?page=4
https://shop.supervalu.ie/shopping/wine-beer-spirits-scotch-whisky/c-150302440?page=4
https://shop.supervalu.ie/shopping/wine-beer-spirits-brandy/c-150302455?page=4
https://shop.supervalu.ie/shopping/wine-beer-spirits-cream-liquers/c-150302460?page=4
https://shop.supervalu.ie/shopping/wine-beer-spirits-gin/c-150302465?page=4
https://shop.supervalu.ie/shopping/wine-beer-spirits-rum/c-150302475?page=4
https://shop.supervalu.ie/shopping/wine-beer-spirits-other/c-150302480?page=4
https://shop.supervalu.ie/shopping/wine-beer-spirits-lager/c-150302375?page=4
https://shop.supervalu.ie/shopping/wine-beer-spirits-stout/c-150302380?page=4
https://shop.supervalu.ie/shopping/wine-beer-spirits-ale/c-150302385?page=4
https://shop.supervalu.ie/shopping/wine-beer-spirits-lager/c-150302386?page=4
https://shop.supervalu.ie/shopping/wine-beer-spirits-stout/c-150302387?page=4
https://shop.supervalu.ie/shopping/wine-beer-spirits-ale/c-150302388?page=4
https://shop.supervalu.ie/shopping/wine-beer-spirits-cider/c-150302389?page=4
https://shop.supervalu.ie/shopping/wine-beer-spirits-cider/c-150302390?page=4
https://shop.supervalu.ie/shopping/wine-beer-spirits-alcopops/c-150302395?page=4
https://shop.supervalu.ie/shopping/wine-beer-spirits-rose/c-150302555?page=4
https://shop.supervalu.ie/shopping/wine-beer-spirits-other-fortified-dessert-wines/c-150410130?page=4
https://shop.supervalu.ie/shopping/wine-beer-spirits-port/c-150410125?page=4
https://shop.supervalu.ie/shopping/wine-beer-spirits-sherry/c-150410120?page=4
https://shop.supervalu.ie/shopping/wine-beer-spirits-champagne-sparkling/c-150302545?page=4
https://shop.supervalu.ie/shopping/wine-beer-spirits-australia/c-150409945?page=4
https://shop.supervalu.ie/shopping/wine-beer-spirits-chile/c-150409950?page=4
https://shop.supervalu.ie/shopping/wine-beer-spirits/c-150100075?page=4
https://shop.supervalu.ie/shopping/wine-beer-spirits-vodka/c-150302430?page=4
https://shop.supervalu.ie/shopping/wine-beer-spirits-irish-whiskey/c-150302435?page=4
https://shop.supervalu.ie/shopping/wine-beer-spirits-american-whiskey/c-150302450?page=4
https://shop.supervalu.ie/shopping/wine-beer-spirits-scotch-whisky/c-150302440?page=4
https://shop.supervalu.ie/shopping/wine-beer-spirits-brandy/c-150302455?page=4
https://shop.supervalu.ie/shopping/wine-beer-spirits-cream-liquers/c-150302460?page=4
https://shop.supervalu.ie/shopping/wine-beer-spirits-gin/c-150302465?page=4
https://shop.supervalu.ie/shopping/wine-beer-spirits-rum/c-150302475?page=4
https://shop.supervalu.ie/shopping/wine-beer-spirits-other/c-150302480?page=4
https://shop.supervalu.ie/shopping/wine-beer-spirits-lager/c-150302375?page=4
https://shop.supervalu.ie/shopping/wine-beer-spirits-stout/c-150302380?page=4
https://shop.supervalu.ie/shopping/wine-beer-spirits-ale/c-150302385?page=4
https://shop.supervalu.ie/shopping/wine-beer-spirits-lager/c-150302386?page=4
https://shop.supervalu.ie/shopping/wine-beer-spirits-stout/c-150302387?page=4
https://shop.supervalu.ie/shopping/wine-beer-spirits-ale/c-150302388?page=4
https://shop.supervalu.ie/shopping/wine-beer-spirits-cider/c-150302389?page=4
https://shop.supervalu.ie/shopping/wine-beer-spirits-cider/c-150302390?page=4
https://shop.supervalu.ie/shopping/wine-beer-spirits-alcopops/c-150302395?page=4
https://shop.supervalu.ie/shopping/wine-beer-spirits-rose/c-150302555?page=4
https://shop.supervalu.ie/shopping/wine-beer-spirits-other-fortified-dessert-wines/c-150410130?page=4
https://shop.supervalu.ie/shopping/wine-beer-spirits-port/c-150410125?page=4
https://shop.supervalu.ie/shopping/wine-beer-spirits-sherry/c-150410120?page=4
https://shop.supervalu.ie/shopping/wine-beer-spirits-champagne-sparkling/c-150302545?page=4
https://shop.supervalu.ie/shopping/wine-beer-spirits-australia/c-150409945?page=4
https://shop.supervalu.ie/shopping/wine-beer-spirits-chile/c-150409950?page=4
https://shop.supervalu.ie/shopping/wine-beer-spirits/c-150100075?page=4
https://shop.supervalu.ie/shopping/wine-beer-spirits-vodka/c-150302430?page=4
https://shop.supervalu.ie/shopping/wine-beer-spirits-irish-whiskey/c-150302435?page=4
https://shop.supervalu.ie/shopping/wine-beer-spirits-american-whiskey/c-150302450?page=4
https://shop.supervalu.ie/shopping/wine-beer-spirits-scotch-whisky/c-150302440?page=4
https://shop.supervalu.ie/shopping/wine-beer-spirits-brandy/c-150302455?page=4
https://shop.supervalu.ie/shopping/wine-beer-spirits-cream-liquers/c-150302460?page=4
https://shop.supervalu.ie/shopping/wine-beer-spirits-gin/c-150302465?page=4
https://shop.supervalu.ie/shopping/wine-beer-spirits-rum/c-150302475?page=4
https://shop.supervalu.ie/shopping/wine-beer-spirits-other/c-150302480?page=4
https://shop.supervalu.ie/shopping/wine-beer-spirits-lager/c-150302375?page=4
https://shop.supervalu.ie/shopping/wine-beer-spirits-stout/c-150302380?page=4
https://shop.supervalu.ie/shopping/wine-beer-spirits-ale/c-150302385?page=4
https://shop.supervalu.ie/shopping/wine-beer-spirits-lager/c-150302386?page=4
https://shop.supervalu.ie/shopping/wine-beer-spirits-stout/c-150302387?page=4
https://shop.supervalu.ie/shopping/wine-beer-spirits-ale/c-150302388?page=4
https://shop.supervalu.ie/shopping/wine-beer-spirits-cider/c-150302389?page=4
https://shop.supervalu.ie/shopping/wine-beer-spirits-cider/c-150302390?page=4
https://shop.supervalu.ie/shopping/wine-beer-spirits-alcopops/c-150302395?page=4
https://shop.supervalu.ie/shopping/wine-beer-spirits-rose/c-150302555?page=4
https://shop.supervalu.ie/shopping/wine-beer-spirits-other-fortified-dessert-wines/c-150410130?page=4
https://shop.supervalu.ie/shopping/wine-beer-spirits-port/c-150410125?page=4
https://shop.supervalu.ie/shopping/wine-beer-spirits-sherry/c-150410120?page=4
https://shop.supervalu.ie/shopping/wine-beer-spirits-champagne-sparkling/c-150302545?page=4
https://shop.supervalu.ie/shopping/wine-beer-spirits-australia/c-150409945?page=4
https://shop.supervalu.ie/shopping/wine-beer-spirits-chile/c-150409950?page=4
https://shop.supervalu.ie/shopping/wine-beer-spirits/c-150100075?page=4
https://shop.supervalu.ie/shopping/wine-beer-spirits-vodka/c-150302430?page=4
https://shop.supervalu.ie/shopping/wine-beer-spirits-irish-whiskey/c-150302435?page=4
https://shop.supervalu.ie/shopping/wine-beer-spirits-american-whiskey/c-150302450?page=4
https://shop.supervalu.ie/shopping/wine-beer-spirits-scotch-whisky/c-150302440?page=4
https://shop.supervalu.ie/shopping/wine-beer-spirits-brandy/c-150302455?page=4
https://shop.supervalu.ie/shopping/wine-beer-spirits-cream-liquers/c-150302460?page=4
https://shop.supervalu.ie/shopping/wine-beer-spirits-gin/c-150302465?page=4
https://shop.supervalu.ie/shopping/wine-beer-spirits-rum/c-150302475?page=4
https://shop.supervalu.ie/shopping/wine-beer-spirits-other/c-150302480?page=4
https://shop.supervalu.ie/shopping/wine-beer-spirits-lager/c-150302375?page=4
https://shop.supervalu.ie/shopping/wine-beer-spirits-stout/c-150302380?page=4
https://shop.supervalu.ie/shopping/wine-beer-spirits-ale/c-150302385?page=4
https://shop.supervalu.ie/shopping/wine-beer-spirits-lager/c-150302386?page=4
https://shop.supervalu.ie/shopping/wine-beer-spirits-stout/c-150302387?page=4
https://shop.supervalu.ie/shopping/wine-beer-spirits-ale/c-150302388?page=4
https://shop.supervalu.ie/shopping/wine-beer-spirits-cider/c-150302389?page=4
https://shop.supervalu.ie/shopping/wine-beer-spirits-cider/c-150302390?page=4
https://shop.supervalu.ie/shopping/wine-beer-spirits-alcopops/c-150302395?page=4
https://shop.supervalu.ie/shopping/wine-beer-spirits-rose/c-150302555?page=4
https://shop.supervalu.ie/shopping/wine-beer-spirits-other-fortified-dessert-wines/c-150410130?page=4
https://shop.supervalu.ie/shopping/wine-beer-spirits-port/c-150410125?page=4
https://shop.supervalu.ie/shopping/wine-beer-spirits-sherry/c-150410120?page=4
https://shop.supervalu.ie/shopping/wine-beer-spirits-champagne-sparkling/c-150302545?page=4
https://shop.supervalu.ie/shopping/wine-beer-spirits-australia/c-150409945?page=4
https://shop.supervalu.ie/shopping/wine-beer-spirits-chile/c-150409950?page=4
https://shop.supervalu.ie/shopping/wine-beer-spirits/c-150100075?page=4
https://shop.supervalu.ie/shopping/wine-beer-spirits-vodka/c-150302430?page=4
https://shop.supervalu.ie/shopping/wine-beer-spirits-irish-whiskey/c-150302435?page=4
https://shop.supervalu.ie/shopping/wine-beer-spirits-american-whiskey/c-150302450?page=4
https://shop.supervalu.ie/shopping/wine-beer-spirits-scotch-whisky/c-150302440?page=4
https://shop.supervalu.ie/shopping/wine-beer-spirits-brandy/c-150302455?page=4
https://shop.supervalu.ie/shopping/wine-beer-spirits-cream-liquers/c-150302460?page=4
https://shop.supervalu.ie/shopping/wine-beer-spirits-gin/c-150302465?page=4
https://shop.supervalu.ie/shopping/wine-beer-spirits-rum/c-150302475?page=4
https://shop.supervalu.ie/shopping/wine-beer-spirits-other/c-150302480?page=4
https://shop.supervalu.ie/shopping/wine-beer-spirits-lager/c-150302375?page=4
https://shop.supervalu.ie/shopping/wine-beer-spirits-stout/c-150302380?page=4
https://shop.supervalu.ie/shopping/wine-beer-spirits-ale/c-150302385?page=4
https://shop.supervalu.ie/shopping/wine-beer-spirits-lager/c-150302386?page=4
https://shop.supervalu.ie/shopping/wine-beer-spirits-stout/c-150302387?page=4
https://shop.supervalu.ie/shopping/wine-beer-spirits-ale/c-150302388?page=4
https://shop.supervalu.ie/shopping/wine-beer-spirits-cider/c-150302389?page=4
https://shop.supervalu.ie/shopping/wine-beer-spirits-cider/c-150302390?page=4
https://shop.supervalu.ie/shopping/wine-beer-spirits-alcopops/c-150302395?page=4
https://shop.supervalu.ie/shopping/wine-beer-spirits-rose/c-150302555?page=4
https://shop.supervalu.ie/shopping/wine-beer-spirits-other-fortified-dessert-wines/c-150410130?page=4
https://shop.supervalu.ie/shopping/wine-beer-spirits-port/c-150410125?page=4
https://shop.supervalu.ie/shopping/wine-beer-spirits-sherry/c-150410120?page=4
https://shop.supervalu.ie/shopping/wine-beer-spirits-champagne-sparkling/c-150302545?page=4
https://shop.supervalu.ie/shopping/wine-beer-spirits-australia/c-150409945?page=4
https://shop.supervalu.ie/shopping/wine-beer-spirits-chile/c-150409950?page=4
https://shop.supervalu.ie/shopping/wine-beer-spirits/c-150100075?page=4
https://shop.supervalu.ie/shopping/wine-beer-spirits-vodka/c-150302430?page=4
https://shop.supervalu.ie/shopping/wine-beer-spirits-irish-whiskey/c-150302435?page=4
https://shop.supervalu.ie/shopping/wine-beer-spirits-american-whiskey/c-150302450?page=4
https://shop.supervalu.ie/shopping/wine-beer-spirits-scotch-whisky/c-150302440?page=4
https://shop.supervalu.ie/shopping/wine-beer-spirits-brandy/c-150302455?page=4
https://shop.supervalu.ie/shopping/wine-beer-spirits-cream-liquers/c-150302460?page=4
https://shop.supervalu.ie/shopping/wine-beer-spirits-gin/c-150302465?page=4
https://shop.supervalu.ie/shopping/wine-beer-spirits-rum/c-150302475?page=4
https://shop.supervalu.ie/shopping/wine-beer-spirits-other/c-150302480?page=4
https://shop.supervalu.ie/shopping/wine-beer-spirits-lager/c-150302375?page=4
https://shop.supervalu.ie/shopping/wine-beer-spirits-stout/c-150302380?page=4
https://shop.supervalu.ie/shopping/wine-beer-spirits-ale/c-150302385?page=4
https://shop.supervalu.ie/shopping/wine-beer-spirits-lager/c-150302386?page=4
https://shop.supervalu.ie/shopping/wine-beer-spirits-stout/c-150302387?page=4
https://shop.supervalu.ie/shopping/wine-beer-spirits-ale/c-150302388?page=4
https://shop.supervalu.ie/shopping/wine-beer-spirits-cider/c-150302389?page=4
https://shop.supervalu.ie/shopping/wine-beer-spirits-cider/c-150302390?page=4
https://shop.supervalu.ie/shopping/wine-beer-spirits-alcopops/c-150302395?page=4
https://shop.supervalu.ie/shopping/wine-beer-spirits-rose/c-150302555?page=4
https://shop.supervalu.ie/shopping/wine-beer-spirits-other-fortified-dessert-wines/c-150410130?page=4
https://shop.supervalu.ie/shopping/wine-beer-spirits-port/c-150410125?page=4
https://shop.supervalu.ie/shopping/wine-beer-spirits-sherry/c-150410120?page=4
https://shop.supervalu.ie/shopping/wine-beer-spirits-champagne-sparkling/c-150302545?page=4
https://shop.supervalu.ie/shopping/wine-beer-spirits-australia/c-150409945?page=4
https://shop.supervalu.ie/shopping/wine-beer-spirits-chile/c-150409950?page=4
https://shop.supervalu.ie/shopping/wine-beer-spirits/c-150100075?page=4
https://shop.supervalu.ie/shopping/wine-beer-spirits-vodka/c-150302430?page=4
https://shop.supervalu.ie/shopping/wine-beer-spirits-irish-whiskey/c-150302435?page=4
https://shop.supervalu.ie/shopping/wine-beer-spirits-american-whiskey/c-150302450?page=4
https://shop.supervalu.ie/shopping/wine-beer-spirits-scotch-whisky/c-150302440?page=4
https://shop.supervalu.ie/shopping/wine-beer-spirits-brandy/c-150302455?page=4
https://shop.supervalu.ie/shopping/wine-beer-spirits-cream-liquers/c-150302460?page=4
https://shop.supervalu.ie/shopping/wine-beer-spirits-gin/c-150302465?page=4
https://shop.supervalu.ie/shopping/wine-beer-spirits-rum/c-150302475?page=4
https://shop.supervalu.ie/shopping/wine-beer-spirits-other/c-150302480?page=4
https://shop.supervalu.ie/shopping/wine-beer-spirits-lager/c-150302375?page=4
https://shop.supervalu.ie/shopping/wine-beer-spirits-stout/c-150302380?page=4
https://shop.supervalu.ie/shopping/wine-beer-spirits-ale/c-150302385?page=4
https://shop.supervalu.ie/shopping/wine-beer-spirits-lager/c-150302386?page=4
https://shop.supervalu.ie/shopping/wine-beer-spirits-stout/c-150302387?page=4
https://shop.supervalu.ie/shopping/wine-beer-spirits-ale/c-150302388?page=4
https://shop.supervalu.ie/shopping/wine-beer-spirits-cider/c-150302389?page=4
https://shop.supervalu.ie/shopping/wine-beer-spirits-cider/c-150302390?page=4
https://shop.supervalu.ie/shopping/wine-beer-spirits-alcopops/c-150302395?page=4
https://shop.supervalu.ie/shopping/wine-beer-spirits-rose/c-150302555?page=4
https://shop.supervalu.ie/shopping/wine-beer-spirits-other-fortified-dessert-wines/c-150410130?page=4
https://shop.supervalu.ie/shopping/wine-beer-spirits-port/c-150410125?page=4
https://shop.supervalu.ie/shopping/wine-beer-spirits-sherry/c-150410120?page=4
https://shop.supervalu.ie/shopping/wine-beer-spirits-champagne-sparkling/c-150302545?page=4
https://shop.supervalu.ie/shopping/wine-beer-spirits-australia/c-150409945?page=4
https://shop.supervalu.ie/shopping/wine-beer-spirits-chile/c-150409950?page=4
https://shop.supervalu.ie/shopping/wine-beer-spirits/c-150100075?page=4
https://shop.supervalu.ie/shopping/wine-beer-spirits-vodka/c-150302430?page=4
https://shop.supervalu.ie/shopping/wine-beer-spirits-irish-whiskey/c-150302435?page=4
https://shop.supervalu.ie/shopping/wine-beer-spirits-american-whiskey/c-150302450?page=4
https://shop.supervalu.ie/shopping/wine-beer-spirits-scotch-whisky/c-150302440?page=4
https://shop.supervalu.ie/shopping/wine-beer-spirits-brandy/c-150302455?page=4
https://shop.supervalu.ie/shopping/wine-beer-spirits-cream-liquers/c-150302460?page=4
https://shop.supervalu.ie/shopping/wine-beer-spirits-gin/c-150302465?page=4
https://shop.supervalu.ie/shopping/wine-beer-spirits-rum/c-150302475?page=4
https://shop.supervalu.ie/shopping/wine-beer-spirits-other/c-150302480?page=4
https://shop.supervalu.ie/shopping/wine-beer-spirits-lager/c-150302375?page=4
https://shop.supervalu.ie/shopping/wine-beer-spirits-stout/c-150302380?page=4
https://shop.supervalu.ie/shopping/wine-beer-spirits-ale/c-150302385?page=4
https://shop.supervalu.ie/shopping/wine-beer-spirits-lager/c-150302386?page=4
https://shop.supervalu.ie/shopping/wine-beer-spirits-stout/c-150302387?page=4
https://shop.supervalu.ie/shopping/wine-beer-spirits-ale/c-150302388?page=4
https://shop.supervalu.ie/shopping/wine-beer-spirits-cider/c-150302389?page=4
https://shop.supervalu.ie/shopping/wine-beer-spirits-cider/c-150302390?page=4
https://shop.supervalu.ie/shopping/wine-beer-spirits-alcopops/c-150302395?page=4
https://shop.supervalu.ie/shopping/wine-beer-spirits-rose/c-150302555?page=4
https://shop.supervalu.ie/shopping/wine-beer-spirits-other-fortified-dessert-wines/c-150410130?page=4
https://shop.supervalu.ie/shopping/wine-beer-spirits-port/c-150410125?page=4
https://shop.supervalu.ie/shopping/wine-beer-spirits-sherry/c-150410120?page=4
https://shop.supervalu.ie/shopping/wine-beer-spirits-champagne-sparkling/c-150302545?page=4
https://shop.supervalu.ie/shopping/wine-beer-spirits-australia/c-150409945?page=4
https://shop.supervalu.ie/shopping/wine-beer-spirits-chile/c-150409950?page=4
https://shop.supervalu.ie/shopping/wine-beer-spirits/c-150100075?page=4
https://shop.supervalu.ie/shopping/wine-beer-spirits-vodka/c-150302430?page=4
https://shop.supervalu.ie/shopping/wine-beer-spirits-irish-whiskey/c-150302435?page=4
https://shop.supervalu.ie/shopping/wine-beer-spirits-american-whiskey/c-150302450?page=4
https://shop.supervalu.ie/shopping/wine-beer-spirits-scotch-whisky/c-150302440?page=4
https://shop.supervalu.ie/shopping/wine-beer-spirits-brandy/c-150302455?page=4
https://shop.supervalu.ie/shopping/wine-beer-spirits-cream-liquers/c-150302460?page=4
https://shop.supervalu.ie/shopping/wine-beer-spirits-gin/c-150302465?page=4
https://shop.supervalu.ie/shopping/wine-beer-spirits-rum/c-150302475?page=4
https://shop.supervalu.ie/shopping/wine-beer-spirits-other/c-150302480?page=4
https://shop.supervalu.ie/shopping/wine-beer-spirits-lager/c-150302375?page=4
https://shop.supervalu.ie/shopping/wine-beer-spirits-stout/c-150302380?page=4
https://shop.supervalu.ie/shopping/wine-beer-spirits-ale/c-150302385?page=4
https://shop.supervalu.ie/shopping/wine-beer-spirits-lager/c-150302386?page=4
https://shop.supervalu.ie/shopping/wine-beer-spirits-stout/c-150302387?page=4
https://shop.supervalu.ie/shopping/wine-beer-spirits-ale/c-150302388?page=4
https://shop.supervalu.ie/shopping/wine-beer-spirits-cider/c-150302389?page=4
https://shop.supervalu.ie/shopping/wine-beer-spirits-cider/c-150302390?page=4
https://shop.supervalu.ie/shopping/wine-beer-spirits-alcopops/c-150302395?page=4
https://shop.supervalu.ie/shopping/wine-beer-spirits-rose/c-150302555?page=4
https://shop.supervalu.ie/shopping/wine-beer-spirits-other-fortified-dessert-wines/c-150410130?page=4
https://shop.supervalu.ie/shopping/wine-beer-spirits-port/c-150410125?page=4
https://shop.supervalu.ie/shopping/wine-beer-spirits-sherry/c-150410120?page=4
https://shop.supervalu.ie/shopping/wine-beer-spirits-champagne-sparkling/c-150302545?page=4
https://shop.supervalu.ie/shopping/wine-beer-spirits-australia/c-150409945?page=4
https://shop.supervalu.ie/shopping/wine-beer-spirits-chile/c-150409950?page=4
https://shop.supervalu.ie/shopping/wine-beer-spirits/c-150100075?page=4
https://shop.supervalu.ie/shopping/wine-beer-spirits-vodka/c-150302430?page=4
https://shop.supervalu.ie/shopping/wine-beer-spirits-irish-whiskey/c-150302435?page=4
https://shop.supervalu.ie/shopping/wine-beer-spirits-american-whiskey/c-150302450?page=4
https://shop.supervalu.ie/shopping/wine-beer-spirits-scotch-whisky/c-150302440?page=4
https://shop.supervalu.ie/shopping/wine-beer-spirits-brandy/c-150302455?page=4
https://shop.supervalu.ie/shopping/wine-beer-spirits-cream-liquers/c-150302460?page=4
https://shop.supervalu.ie/shopping/wine-beer-spirits-gin/c-150302465?page=4
https://shop.supervalu.ie/shopping/wine-beer-spirits-rum/c-150302475?page=4
https://shop.supervalu.ie/shopping/wine-beer-spirits-other/c-150302480?page=4
https://shop.supervalu.ie/shopping/wine-beer-spirits-lager/c-150302375?page=4
https://shop.supervalu.ie/shopping/wine-beer-spirits-stout/c-150302380?page=4
https://shop.supervalu.ie/shopping/wine-beer-spirits-ale/c-150302385?page=4
https://shop.supervalu.ie/shopping/wine-beer-spirits-lager/c-150302386?page=4
https://shop.supervalu.ie/shopping/wine-beer-spirits-stout/c-150302387?page=4
https://shop.supervalu.ie/shopping/wine-beer-spirits-ale/c-150302388?page=4
https://shop.supervalu.ie/shopping/wine-beer-spirits-cider/c-150302389?page=4
https://shop.supervalu.ie/shopping/wine-beer-spirits-cider/c-150302390?page=4
https://shop.supervalu.ie/shopping/wine-beer-spirits-alcopops/c-150302395?page=4
https://shop.supervalu.ie/shopping/wine-beer-spirits-rose/c-150302555?page=4
https://shop.supervalu.ie/shopping/wine-beer-spirits-other-fortified-dessert-wines/c-150410130?page=4
https://shop.supervalu.ie/shopping/wine-beer-spirits-port/c-150410125?page=4
https://shop.supervalu.ie/shopping/wine-beer-spirits-sherry/c-150410120?page=4
https://shop.supervalu.ie/shopping/wine-beer-spirits-champagne-sparkling/c-150302545?page=4
https://shop.supervalu.ie/shopping/wine-beer-spirits-australia/c-150409945?page=4
https://shop.supervalu.ie/shopping/wine-beer-spirits-chile/c-150409950?page=4
https://shop.supervalu.ie/shopping/wine-beer-spirits/c-150100075?page=4
https://shop.supervalu.ie/shopping/wine-beer-spirits-vodka/c-150302430?page=4
https://shop.supervalu.ie/shopping/wine-beer-spirits-irish-whiskey/c-150302435?page=4
https://shop.supervalu.ie/shopping/wine-beer-spirits-american-whiskey/c-150302450?page=4
https://shop.supervalu.ie/shopping/wine-beer-spirits-scotch-whisky/c-150302440?page=4
https://shop.supervalu.ie/shopping/wine-beer-spirits-brandy/c-150302455?page=4
https://shop.supervalu.ie/shopping/wine-beer-spirits-cream-liquers/c-150302460?page=4
https://shop.supervalu.ie/shopping/wine-beer-spirits-gin/c-150302465?page=4
https://shop.supervalu.ie/shopping/wine-beer-spirits-rum/c-150302475?page=4
https://shop.supervalu.ie/shopping/wine-beer-spirits-other/c-150302480?page=4
https://shop.supervalu.ie/shopping/wine-beer-spirits-lager/c-150302375?page=4
https://shop.supervalu.ie/shopping/wine-beer-spirits-stout/c-150302380?page=4
https://shop.supervalu.ie/shopping/wine-beer-spirits-ale/c-150302385?page=4
https://shop.supervalu.ie/shopping/wine-beer-spirits-lager/c-150302386?page=4
https://shop.supervalu.ie/shopping/wine-beer-spirits-stout/c-150302387?page=4
https://shop.supervalu.ie/shopping/wine-beer-spirits-ale/c-150302388?page=4
https://shop.supervalu.ie/shopping/wine-beer-spirits-cider/c-150302389?page=4
https://shop.supervalu.ie/shopping/wine-beer-spirits-cider/c-150302390?page=4
https://shop.supervalu.ie/shopping/wine-beer-spirits-alcopops/c-150302395?page=4
https://shop.supervalu.ie/shopping/wine-beer-spirits-rose/c-150302555?page=4
https://shop.supervalu.ie/shopping/wine-beer-spirits-other-fortified-dessert-wines/c-150410130?page=4
https://shop.supervalu.ie/shopping/wine-beer-spirits-port/c-150410125?page=4
https://shop.supervalu.ie/shopping/wine-beer-spirits-sherry/c-150410120?page=4
https://shop.supervalu.ie/shopping/wine-beer-spirits-champagne-sparkling/c-150302545?page=4
https://shop.supervalu.ie/shopping/wine-beer-spirits-australia/c-150409945?page=4
https://shop.supervalu.ie/shopping/wine-beer-spirits-chile/c-150409950?page=4
https://shop.supervalu.ie/shopping/wine-beer-spirits/c-150100075?page=4
https://shop.supervalu.ie/shopping/wine-beer-spirits-vodka/c-150302430?page=4
https://shop.supervalu.ie/shopping/wine-beer-spirits-irish-whiskey/c-150302435?page=4
https://shop.supervalu.ie/shopping/wine-beer-spirits-american-whiskey/c-150302450?page=4
https://shop.supervalu.ie/shopping/wine-beer-spirits-scotch-whisky/c-150302440?page=4
https://shop.supervalu.ie/shopping/wine-beer-spirits-brandy/c-150302455?page=4
https://shop.supervalu.ie/shopping/wine-beer-spirits-cream-liquers/c-150302460?page=4
https://shop.supervalu.ie/shopping/wine-beer-spirits-gin/c-150302465?page=4
https://shop.supervalu.ie/shopping/wine-beer-spirits-rum/c-150302475?page=4
https://shop.supervalu.ie/shopping/wine-beer-spirits-other/c-150302480?page=4
https://shop.supervalu.ie/shopping/wine-beer-spirits-lager/c-150302375?page=4
https://shop.supervalu.ie/shopping/wine-beer-spirits-stout/c-150302380?page=4
https://shop.supervalu.ie/shopping/wine-beer-spirits-ale/c-150302385?page=4
https://shop.supervalu.ie/shopping/wine-beer-spirits-lager/c-150302386?page=4
https://shop.supervalu.ie/shopping/wine-beer-spirits-stout/c-150302387?page=4
https://shop.supervalu.ie/shopping/wine-beer-spirits-ale/c-150302388?page=4
https://shop.supervalu.ie/shopping/wine-beer-spirits-cider/c-150302389?page=4
https://shop.supervalu.ie/shopping/wine-beer-spirits-cider/c-150302390?page=4
https://shop.supervalu.ie/shopping/wine-beer-spirits-alcopops/c-150302395?page=4
https://shop.supervalu.ie/shopping/wine-beer-spirits-rose/c-150302555?page=4
https://shop.supervalu.ie/shopping/wine-beer-spirits-other-fortified-dessert-wines/c-150410130?page=4
https://shop.supervalu.ie/shopping/wine-beer-spirits-port/c-150410125?page=4
https://shop.supervalu.ie/shopping/wine-beer-spirits-sherry/c-150410120?page=4
https://shop.supervalu.ie/shopping/wine-beer-spirits-champagne-sparkling/c-150302545?page=4
https://shop.supervalu.ie/shopping/wine-beer-spirits-australia/c-150409945?page=4
https://shop.supervalu.ie/shopping/wine-beer-spirits-chile/c-150409950?page=4
https://shop.supervalu.ie/shopping/wine-beer-spirits/c-150100075?page=4
https://shop.supervalu.ie/shopping/wine-beer-spirits-vodka/c-150302430?page=4
https://shop.supervalu.ie/shopping/wine-beer-spirits-irish-whiskey/c-150302435?page=4
https://shop.supervalu.ie/shopping/wine-beer-spirits-american-whiskey/c-150302450?page=4
https://shop.supervalu.ie/shopping/wine-beer-spirits-scotch-whisky/c-150302440?page=4
https://shop.supervalu.ie/shopping/wine-beer-spirits-brandy/c-150302455?page=4
https://shop.supervalu.ie/shopping/wine-beer-spirits-cream-liquers/c-150302460?page=4
https://shop.supervalu.ie/shopping/wine-beer-spirits-gin/c-150302465?page=4
https://shop.supervalu.ie/shopping/wine-beer-spirits-rum/c-150302475?page=4
https://shop.supervalu.ie/shopping/wine-beer-spirits-other/c-150302480?page=4
https://shop.supervalu.ie/shopping/wine-beer-spirits-lager/c-150302375?page=4
https://shop.supervalu.ie/shopping/wine-beer-spirits-stout/c-150302380?page=4
https://shop.supervalu.ie/shopping/wine-beer-spirits-ale/c-150302385?page=4
https://shop.supervalu.ie/shopping/wine-beer-spirits-lager/c-150302386?page=4
https://shop.supervalu.ie/shopping/wine-beer-spirits-stout/c-150302387?page=4
https://shop.supervalu.ie/shopping/wine-beer-spirits-ale/c-150302388?page=4
https://shop.supervalu.ie/shopping/wine-beer-spirits-cider/c-150302389?page=4
https://shop.supervalu.ie/shopping/wine-beer-spirits-cider/c-150302390?page=4
https://shop.supervalu.ie/shopping/wine-beer-spirits-alcopops/c-150302395?page=4
https://shop.supervalu.ie/shopping/wine-beer-spirits-rose/c-150302555?page=4
https://shop.supervalu.ie/shopping/wine-beer-spirits-other-fortified-dessert-wines/c-150410130?page=4
https://shop.supervalu.ie/shopping/wine-beer-spirits-port/c-150410125?page=4
https://shop.supervalu.ie/shopping/wine-beer-spirits-sherry/c-150410120?page=4
https://shop.supervalu.ie/shopping/wine-beer-spirits-champagne-sparkling/c-150302545?page=4
https://shop.supervalu.ie/shopping/wine-beer-spirits-australia/c-150409945?page=4
https://shop.supervalu.ie/shopping/wine-beer-spirits-chile/c-150409950?page=4
https://shop.supervalu.ie/shopping/wine-beer-spirits/c-150100075?page=4
https://shop.supervalu.ie/shopping/wine-beer-spirits-vodka/c-150302430?page=4
https://shop.supervalu.ie/shopping/wine-beer-spirits-irish-whiskey/c-150302435?page=4
https://shop.supervalu.ie/shopping/wine-beer-spirits-american-whiskey/c-150302450?page=4
https://shop.supervalu.ie/shopping/wine-beer-spirits-scotch-whisky/c-150302440?page=4
https://shop.supervalu.ie/shopping/wine-beer-spirits-brandy/c-150302455?page=4
https://shop.supervalu.ie/shopping/wine-beer-spirits-cream-liquers/c-150302460?page=4
https://shop.supervalu.ie/shopping/wine-beer-spirits-gin/c-150302465?page=4
https://shop.supervalu.ie/shopping/wine-beer-spirits-rum/c-150302475?page=4
https://shop.supervalu.ie/shopping/wine-beer-spirits-other/c-150302480?page=4
https://shop.supervalu.ie/shopping/wine-beer-spirits-lager/c-150302375?page=4
https://shop.supervalu.ie/shopping/wine-beer-spirits-stout/c-150302380?page=4
https://shop.supervalu.ie/shopping/wine-beer-spirits-ale/c-150302385?page=4
https://shop.supervalu.ie/shopping/wine-beer-spirits-lager/c-150302386?page=4
https://shop.supervalu.ie/shopping/wine-beer-spirits-stout/c-150302387?page=4
https://shop.supervalu.ie/shopping/wine-beer-spirits-ale/c-150302388?page=4
https://shop.supervalu.ie/shopping/wine-beer-spirits-cider/c-150302389?page=4
https://shop.supervalu.ie/shopping/wine-beer-spirits-cider/c-150302390?page=4
https://shop.supervalu.ie/shopping/wine-beer-spirits-alcopops/c-150302395?page=4
https://shop.supervalu.ie/shopping/wine-beer-spirits-rose/c-150302555?page=4
https://shop.supervalu.ie/shopping/wine-beer-spirits-other-fortified-dessert-wines/c-150410130?page=4
https://shop.supervalu.ie/shopping/wine-beer-spirits-port/c-150410125?page=4
https://shop.supervalu.ie/shopping/wine-beer-spirits-sherry/c-150410120?page=4
https://shop.supervalu.ie/shopping/wine-beer-spirits-champagne-sparkling/c-150302545?page=4
https://shop.supervalu.ie/shopping/wine-beer-spirits-australia/c-150409945?page=4
https://shop.supervalu.ie/shopping/wine-beer-spirits-chile/c-150409950?page=4
https://shop.supervalu.ie/shopping/wine-beer-spirits/c-150100075?page=4
https://shop.supervalu.ie/shopping/wine-beer-spirits-vodka/c-150302430?page=4
https://shop.supervalu.ie/shopping/wine-beer-spirits-irish-whiskey/c-150302435?page=4
https://shop.supervalu.ie/shopping/wine-beer-spirits-american-whiskey/c-150302450?page=4
https://shop.supervalu.ie/shopping/wine-beer-spirits-scotch-whisky/c-150302440?page=4
https://shop.supervalu.ie/shopping/wine-beer-spirits-brandy/c-150302455?page=4
https://shop.supervalu.ie/shopping/wine-beer-spirits-cream-liquers/c-150302460?page=4
https://shop.supervalu.ie/shopping/wine-beer-spirits-gin/c-150302465?page=4
https://shop.supervalu.ie/shopping/wine-beer-spirits-rum/c-150302475?page=4
https://shop.supervalu.ie/shopping/wine-beer-spirits-other/c-150302480?page=4
https://shop.supervalu.ie/shopping/wine-beer-spirits-lager/c-150302375?page=4
https://shop.supervalu.ie/shopping/wine-beer-spirits-stout/c-150302380?page=4
https://shop.supervalu.ie/shopping/wine-beer-spirits-ale/c-150302385?page=4
https://shop.supervalu.ie/shopping/wine-beer-spirits-lager/c-150302386?page=4
https://shop.supervalu.ie/shopping/wine-beer-spirits-stout/c-150302387?page=4
https://shop.supervalu.ie/shopping/wine-beer-spirits-ale/c-150302388?page=4
https://shop.supervalu.ie/shopping/wine-beer-spirits-cider/c-150302389?page=4
https://shop.supervalu.ie/shopping/wine-beer-spirits-cider/c-150302390?page=4
https://shop.supervalu.ie/shopping/wine-beer-spirits-alcopops/c-150302395?page=4
https://shop.supervalu.ie/shopping/wine-beer-spirits-rose/c-150302555?page=4
https://shop.supervalu.ie/shopping/wine-beer-spirits-other-fortified-dessert-wines/c-150410130?page=4
https://shop.supervalu.ie/shopping/wine-beer-spirits-port/c-150410125?page=4
https://shop.supervalu.ie/shopping/wine-beer-spirits-sherry/c-150410120?page=4
https://shop.supervalu.ie/shopping/wine-beer-spirits-champagne-sparkling/c-150302545?page=4
https://shop.supervalu.ie/shopping/wine-beer-spirits-australia/c-150409945?page=4
https://shop.supervalu.ie/shopping/wine-beer-spirits-chile/c-150409950?page=4
https://shop.supervalu.ie/shopping/wine-beer-spirits/c-150100075?page=4
https://shop.supervalu.ie/shopping/wine-beer-spirits-vodka/c-150302430?page=4
https://shop.supervalu.ie/shopping/wine-beer-spirits-irish-whiskey/c-150302435?page=4
https://shop.supervalu.ie/shopping/wine-beer-spirits-american-whiskey/c-150302450?page=4
https://shop.supervalu.ie/shopping/wine-beer-spirits-scotch-whisky/c-150302440?page=4
https://shop.supervalu.ie/shopping/wine-beer-spirits-brandy/c-150302455?page=4
https://shop.supervalu.ie/shopping/wine-beer-spirits-cream-liquers/c-150302460?page=4
https://shop.supervalu.ie/shopping/wine-beer-spirits-gin/c-150302465?page=4
https://shop.supervalu.ie/shopping/wine-beer-spirits-rum/c-150302475?page=4
https://shop.supervalu.ie/shopping/wine-beer-spirits-other/c-150302480?page=4
https://shop.supervalu.ie/shopping/wine-beer-spirits-lager/c-150302375?page=4
https://shop.supervalu.ie/shopping/wine-beer-spirits-stout/c-150302380?page=4
https://shop.supervalu.ie/shopping/wine-beer-spirits-ale/c-150302385?page=4
https://shop.supervalu.ie/shopping/wine-beer-spirits-lager/c-150302386?page=4
https://shop.supervalu.ie/shopping/wine-beer-spirits-stout/c-150302387?page=4
https://shop.supervalu.ie/shopping/wine-beer-spirits-ale/c-150302388?page=4
https://shop.supervalu.ie/shopping/wine-beer-spirits-cider/c-150302389?page=4
https://shop.supervalu.ie/shopping/wine-beer-spirits-cider/c-150302390?page=4
https://shop.supervalu.ie/shopping/wine-beer-spirits-alcopops/c-150302395?page=4
https://shop.supervalu.ie/shopping/wine-beer-spirits-rose/c-150302555?page=4
https://shop.supervalu.ie/shopping/wine-beer-spirits-other-fortified-dessert-wines/c-150410130?page=4
https://shop.supervalu.ie/shopping/wine-beer-spirits-port/c-150410125?page=4
https://shop.supervalu.ie/shopping/wine-beer-spirits-sherry/c-150410120?page=4
https://shop.supervalu.ie/shopping/wine-beer-spirits-champagne-sparkling/c-150302545?page=4
https://shop.supervalu.ie/shopping/wine-beer-spirits-australia/c-150409945?page=4
https://shop.supervalu.ie/shopping/wine-beer-spirits-chile/c-150409950?page=4
https://shop.supervalu.ie/shopping/wine-beer-spirits/c-150100075?page=4
https://shop.supervalu.ie/shopping/wine-beer-spirits-vodka/c-150302430?page=4
https://shop.supervalu.ie/shopping/wine-beer-spirits-irish-whiskey/c-150302435?page=4
https://shop.supervalu.ie/shopping/wine-beer-spirits-american-whiskey/c-150302450?page=4
https://shop.supervalu.ie/shopping/wine-beer-spirits-scotch-whisky/c-150302440?page=4
https://shop.supervalu.ie/shopping/wine-beer-spirits-brandy/c-150302455?page=4
https://shop.supervalu.ie/shopping/wine-beer-spirits-cream-liquers/c-150302460?page=4
https://shop.supervalu.ie/shopping/wine-beer-spirits-gin/c-150302465?page=4
https://shop.supervalu.ie/shopping/wine-beer-spirits-rum/c-150302475?page=4
https://shop.supervalu.ie/shopping/wine-beer-spirits-other/c-150302480?page=4
https://shop.supervalu.ie/shopping/wine-beer-spirits-lager/c-150302375?page=4
https://shop.supervalu.ie/shopping/wine-beer-spirits-stout/c-150302380?page=4
https://shop.supervalu.ie/shopping/wine-beer-spirits-ale/c-150302385?page=4
https://shop.supervalu.ie/shopping/wine-beer-spirits-lager/c-150302386?page=4
https://shop.supervalu.ie/shopping/wine-beer-spirits-stout/c-150302387?page=4
https://shop.supervalu.ie/shopping/wine-beer-spirits-ale/c-150302388?page=4
https://shop.supervalu.ie/shopping/wine-beer-spirits-cider/c-150302389?page=4
https://shop.supervalu.ie/shopping/wine-beer-spirits-cider/c-150302390?page=4
https://shop.supervalu.ie/shopping/wine-beer-spirits-alcopops/c-150302395?page=4
https://shop.supervalu.ie/shopping/wine-beer-spirits-rose/c-150302555?page=4
https://shop.supervalu.ie/shopping/wine-beer-spirits-other-fortified-dessert-wines/c-150410130?page=4
https://shop.supervalu.ie/shopping/wine-beer-spirits-port/c-150410125?page=4
https://shop.supervalu.ie/shopping/wine-beer-spirits-sherry/c-150410120?page=4
https://shop.supervalu.ie/shopping/wine-beer-spirits-champagne-sparkling/c-150302545?page=4
https://shop.supervalu.ie/shopping/wine-beer-spirits-australia/c-150409945?page=4
https://shop.supervalu.ie/shopping/wine-beer-spirits-chile/c-150409950?page=4
https://shop.supervalu.ie/shopping/wine-beer-spirits/c-150100075?page=4
https://shop.supervalu.ie/shopping/wine-beer-spirits-vodka/c-150302430?page=4
https://shop.supervalu.ie/shopping/wine-beer-spirits-irish-whiskey/c-150302435?page=4
https://shop.supervalu.ie/shopping/wine-beer-spirits-american-whiskey/c-150302450?page=4
https://shop.supervalu.ie/shopping/wine-beer-spirits-scotch-whisky/c-150302440?page=4
https://shop.supervalu.ie/shopping/wine-beer-spirits-brandy/c-150302455?page=4
https://shop.supervalu.ie/shopping/wine-beer-spirits-cream-liquers/c-150302460?page=4
https://shop.supervalu.ie/shopping/wine-beer-spirits-gin/c-150302465?page=4
https://shop.supervalu.ie/shopping/wine-beer-spirits-rum/c-150302475?page=4
https://shop.supervalu.ie/shopping/wine-beer-spirits-other/c-150302480?page=4
https://shop.supervalu.ie/shopping/wine-beer-spirits-lager/c-150302375?page=4
https://shop.supervalu.ie/shopping/wine-beer-spirits-stout/c-150302380?page=4
https://shop.supervalu.ie/shopping/wine-beer-spirits-ale/c-150302385?page=4
https://shop.supervalu.ie/shopping/wine-beer-spirits-lager/c-150302386?page=4
https://shop.supervalu.ie/shopping/wine-beer-spirits-stout/c-150302387?page=4
https://shop.supervalu.ie/shopping/wine-beer-spirits-ale/c-150302388?page=4
https://shop.supervalu.ie/shopping/wine-beer-spirits-cider/c-150302389?page=4
https://shop.supervalu.ie/shopping/wine-beer-spirits-cider/c-150302390?page=4
https://shop.supervalu.ie/shopping/wine-beer-spirits-alcopops/c-150302395?page=4
https://shop.supervalu.ie/shopping/wine-beer-spirits-rose/c-150302555?page=4
https://shop.supervalu.ie/shopping/wine-beer-spirits-other-fortified-dessert-wines/c-150410130?page=4
https://shop.supervalu.ie/shopping/wine-beer-spirits-port/c-150410125?page=4
https://shop.supervalu.ie/shopping/wine-beer-spirits-sherry/c-150410120?page=4
https://shop.supervalu.ie/shopping/wine-beer-spirits-champagne-sparkling/c-150302545?page=4
https://shop.supervalu.ie/shopping/wine-beer-spirits-australia/c-150409945?page=4
https://shop.supervalu.ie/shopping/wine-beer-spirits-chile/c-150409950?page=4
https://shop.supervalu.ie/shopping/wine-beer-spirits/c-150100075?page=4
https://shop.supervalu.ie/shopping/wine-beer-spirits-vodka/c-150302430?page=4
https://shop.supervalu.ie/shopping/wine-beer-spirits-irish-whiskey/c-150302435?page=4
https://shop.supervalu.ie/shopping/wine-beer-spirits-american-whiskey/c-150302450?page=4
https://shop.supervalu.ie/shopping/wine-beer-spirits-scotch-whisky/c-150302440?page=4
https://shop.supervalu.ie/shopping/wine-beer-spirits-brandy/c-150302455?page=4
https://shop.supervalu.ie/shopping/wine-beer-spirits-cream-liquers/c-150302460?page=4
https://shop.supervalu.ie/shopping/wine-beer-spirits-gin/c-150302465?page=4
https://shop.supervalu.ie/shopping/wine-beer-spirits-rum/c-150302475?page=4
https://shop.supervalu.ie/shopping/wine-beer-spirits-other/c-150302480?page=4
https://shop.supervalu.ie/shopping/wine-beer-spirits-lager/c-150302375?page=4
https://shop.supervalu.ie/shopping/wine-beer-spirits-stout/c-150302380?page=4
https://shop.supervalu.ie/shopping/wine-beer-spirits-ale/c-150302385?page=4
https://shop.supervalu.ie/shopping/wine-beer-spirits-lager/c-150302386?page=4
https://shop.supervalu.ie/shopping/wine-beer-spirits-stout/c-150302387?page=4
https://shop.supervalu.ie/shopping/wine-beer-spirits-ale/c-150302388?page=4
https://shop.supervalu.ie/shopping/wine-beer-spirits-cider/c-150302389?page=4
https://shop.supervalu.ie/shopping/wine-beer-spirits-cider/c-150302390?page=4
https://shop.supervalu.ie/shopping/wine-beer-spirits-alcopops/c-150302395?page=4
https://shop.supervalu.ie/shopping/wine-beer-spirits-rose/c-150302555?page=4
https://shop.supervalu.ie/shopping/wine-beer-spirits-other-fortified-dessert-wines/c-150410130?page=4
https://shop.supervalu.ie/shopping/wine-beer-spirits-port/c-150410125?page=4
https://shop.supervalu.ie/shopping/wine-beer-spirits-sherry/c-150410120?page=4
https://shop.supervalu.ie/shopping/wine-beer-spirits-champagne-sparkling/c-150302545?page=4
https://shop.supervalu.ie/shopping/wine-beer-spirits-australia/c-150409945?page=4
https://shop.supervalu.ie/shopping/wine-beer-spirits-chile/c-150409950?page=4
https://shop.supervalu.ie/shopping/wine-beer-spirits/c-150100075?page=4
https://shop.supervalu.ie/shopping/wine-beer-spirits-vodka/c-150302430?page=4
https://shop.supervalu.ie/shopping/wine-beer-spirits-irish-whiskey/c-150302435?page=4
https://shop.supervalu.ie/shopping/wine-beer-spirits-american-whiskey/c-150302450?page=4
https://shop.supervalu.ie/shopping/wine-beer-spirits-scotch-whisky/c-150302440?page=4
https://shop.supervalu.ie/shopping/wine-beer-spirits-brandy/c-150302455?page=4
https://shop.supervalu.ie/shopping/wine-beer-spirits-cream-liquers/c-150302460?page=4
https://shop.supervalu.ie/shopping/wine-beer-spirits-gin/c-150302465?page=4
https://shop.supervalu.ie/shopping/wine-beer-spirits-rum/c-150302475?page=4
https://shop.supervalu.ie/shopping/wine-beer-spirits-other/c-150302480?page=4
https://shop.supervalu.ie/shopping/wine-beer-spirits-lager/c-150302375?page=4
https://shop.supervalu.ie/shopping/wine-beer-spirits-stout/c-150302380?page=4
https://shop.supervalu.ie/shopping/wine-beer-spirits-ale/c-150302385?page=4
https://shop.supervalu.ie/shopping/wine-beer-spirits-lager/c-150302386?page=4
https://shop.supervalu.ie/shopping/wine-beer-spirits-stout/c-150302387?page=4
https://shop.supervalu.ie/shopping/wine-beer-spirits-ale/c-150302388?page=4
https://shop.supervalu.ie/shopping/wine-beer-spirits-cider/c-150302389?page=4
https://shop.supervalu.ie/shopping/wine-beer-spirits-cider/c-150302390?page=4
https://shop.supervalu.ie/shopping/wine-beer-spirits-alcopops/c-150302395?page=4
https://shop.supervalu.ie/shopping/wine-beer-spirits-rose/c-150302555?page=4
https://shop.supervalu.ie/shopping/wine-beer-spirits-other-fortified-dessert-wines/c-150410130?page=4
https://shop.supervalu.ie/shopping/wine-beer-spirits-port/c-150410125?page=4
https://shop.supervalu.ie/shopping/wine-beer-spirits-sherry/c-150410120?page=4
https://shop.supervalu.ie/shopping/wine-beer-spirits-champagne-sparkling/c-150302545?page=4
https://shop.supervalu.ie/shopping/wine-beer-spirits-australia/c-150409945?page=4
https://shop.supervalu.ie/shopping/wine-beer-spirits-chile/c-150409950?page=4
https://shop.supervalu.ie/shopping/wine-beer-spirits/c-150100075?page=4
https://shop.supervalu.ie/shopping/wine-beer-spirits-vodka/c-150302430?page=4
https://shop.supervalu.ie/shopping/wine-beer-spirits-irish-whiskey/c-150302435?page=4
https://shop.supervalu.ie/shopping/wine-beer-spirits-american-whiskey/c-150302450?page=4
https://shop.supervalu.ie/shopping/wine-beer-spirits-scotch-whisky/c-150302440?page=4
https://shop.supervalu.ie/shopping/wine-beer-spirits-brandy/c-150302455?page=4
https://shop.supervalu.ie/shopping/wine-beer-spirits-cream-liquers/c-150302460?page=4
https://shop.supervalu.ie/shopping/wine-beer-spirits-gin/c-150302465?page=4
https://shop.supervalu.ie/shopping/wine-beer-spirits-rum/c-150302475?page=4
https://shop.supervalu.ie/shopping/wine-beer-spirits-other/c-150302480?page=4
https://shop.supervalu.ie/shopping/wine-beer-spirits-lager/c-150302375?page=4
https://shop.supervalu.ie/shopping/wine-beer-spirits-stout/c-150302380?page=4
https://shop.supervalu.ie/shopping/wine-beer-spirits-ale/c-150302385?page=4
https://shop.supervalu.ie/shopping/wine-beer-spirits-lager/c-150302386?page=4
https://shop.supervalu.ie/shopping/wine-beer-spirits-stout/c-150302387?page=4
https://shop.supervalu.ie/shopping/wine-beer-spirits-ale/c-150302388?page=4
https://shop.supervalu.ie/shopping/wine-beer-spirits-cider/c-150302389?page=4
https://shop.supervalu.ie/shopping/wine-beer-spirits-cider/c-150302390?page=4
https://shop.supervalu.ie/shopping/wine-beer-spirits-alcopops/c-150302395?page=4
https://shop.supervalu.ie/shopping/wine-beer-spirits-rose/c-150302555?page=4
https://shop.supervalu.ie/shopping/wine-beer-spirits-other-fortified-dessert-wines/c-150410130?page=4
https://shop.supervalu.ie/shopping/wine-beer-spirits-port/c-150410125?page=4
https://shop.supervalu.ie/shopping/wine-beer-spirits-sherry/c-150410120?page=4
https://shop.supervalu.ie/shopping/wine-beer-spirits-champagne-sparkling/c-150302545?page=4
https://shop.supervalu.ie/shopping/wine-beer-spirits-australia/c-150409945?page=4
https://shop.supervalu.ie/shopping/wine-beer-spirits-chile/c-150409950?page=4
https://shop.supervalu.ie/shopping/wine-beer-spirits/c-150100075?page=4
https://shop.supervalu.ie/shopping/wine-beer-spirits-vodka/c-150302430?page=4
https://shop.supervalu.ie/shopping/wine-beer-spirits-irish-whiskey/c-150302435?page=4
https://shop.supervalu.ie/shopping/wine-beer-spirits-american-whiskey/c-150302450?page=4
https://shop.supervalu.ie/shopping/wine-beer-spirits-scotch-whisky/c-150302440?page=4
https://shop.supervalu.ie/shopping/wine-beer-spirits-brandy/c-150302455?page=4
https://shop.supervalu.ie/shopping/wine-beer-spirits-cream-liquers/c-150302460?page=4
https://shop.supervalu.ie/shopping/wine-beer-spirits-gin/c-150302465?page=4
https://shop.supervalu.ie/shopping/wine-beer-spirits-rum/c-150302475?page=4
https://shop.supervalu.ie/shopping/wine-beer-spirits-other/c-150302480?page=4
https://shop.supervalu.ie/shopping/wine-beer-spirits-lager/c-150302375?page=4
https://shop.supervalu.ie/shopping/wine-beer-spirits-stout/c-150302380?page=4
https://shop.supervalu.ie/shopping/wine-beer-spirits-ale/c-150302385?page=4
https://shop.supervalu.ie/shopping/wine-beer-spirits-lager/c-150302386?page=4
https://shop.supervalu.ie/shopping/wine-beer-spirits-stout/c-150302387?page=4
https://shop.supervalu.ie/shopping/wine-beer-spirits-ale/c-150302388?page=4
https://shop.supervalu.ie/shopping/wine-beer-spirits-cider/c-150302389?page=4
https://shop.supervalu.ie/shopping/wine-beer-spirits-cider/c-150302390?page=4
https://shop.supervalu.ie/shopping/wine-beer-spirits-alcopops/c-150302395?page=4
https://shop.supervalu.ie/shopping/wine-beer-spirits-rose/c-150302555?page=4
https://shop.supervalu.ie/shopping/wine-beer-spirits-other-fortified-dessert-wines/c-150410130?page=4
https://shop.supervalu.ie/shopping/wine-beer-spirits-port/c-150410125?page=4
https://shop.supervalu.ie/shopping/wine-beer-spirits-sherry/c-150410120?page=4
https://shop.supervalu.ie/shopping/wine-beer-spirits-champagne-sparkling/c-150302545?page=4
https://shop.supervalu.ie/shopping/wine-beer-spirits-australia/c-150409945?page=4
https://shop.supervalu.ie/shopping/wine-beer-spirits-chile/c-150409950?page=4
https://shop.supervalu.ie/shopping/wine-beer-spirits/c-150100075?page=4
https://shop.supervalu.ie/shopping/wine-beer-spirits-vodka/c-150302430?page=4
https://shop.supervalu.ie/shopping/wine-beer-spirits-irish-whiskey/c-150302435?page=4
https://shop.supervalu.ie/shopping/wine-beer-spirits-american-whiskey/c-150302450?page=4
https://shop.supervalu.ie/shopping/wine-beer-spirits-scotch-whisky/c-150302440?page=4
https://shop.supervalu.ie/shopping/wine-beer-spirits-brandy/c-150302455?page=4
https://shop.supervalu.ie/shopping/wine-beer-spirits-cream-liquers/c-150302460?page=4
https://shop.supervalu.ie/shopping/wine-beer-spirits-gin/c-150302465?page=4
https://shop.supervalu.ie/shopping/wine-beer-spirits-rum/c-150302475?page=4
https://shop.supervalu.ie/shopping/wine-beer-spirits-other/c-150302480?page=4
https://shop.supervalu.ie/shopping/wine-beer-spirits-lager/c-150302375?page=4
https://shop.supervalu.ie/shopping/wine-beer-spirits-stout/c-150302380?page=4
https://shop.supervalu.ie/shopping/wine-beer-spirits-ale/c-150302385?page=4
https://shop.supervalu.ie/shopping/wine-beer-spirits-lager/c-150302386?page=4
https://shop.supervalu.ie/shopping/wine-beer-spirits-stout/c-150302387?page=4
https://shop.supervalu.ie/shopping/wine-beer-spirits-ale/c-150302388?page=4
https://shop.supervalu.ie/shopping/wine-beer-spirits-cider/c-150302389?page=4
https://shop.supervalu.ie/shopping/wine-beer-spirits-cider/c-150302390?page=4
https://shop.supervalu.ie/shopping/wine-beer-spirits-alcopops/c-150302395?page=4
https://shop.supervalu.ie/shopping/wine-beer-spirits-rose/c-150302555?page=4
https://shop.supervalu.ie/shopping/wine-beer-spirits-other-fortified-dessert-wines/c-150410130?page=4
https://shop.supervalu.ie/shopping/wine-beer-spirits-port/c-150410125?page=4
https://shop.supervalu.ie/shopping/wine-beer-spirits-sherry/c-150410120?page=4
https://shop.supervalu.ie/shopping/wine-beer-spirits-champagne-sparkling/c-150302545?page=4
https://shop.supervalu.ie/shopping/wine-beer-spirits-australia/c-150409945?page=4
https://shop.supervalu.ie/shopping/wine-beer-spirits-chile/c-150409950?page=4
https://shop.supervalu.ie/shopping/wine-beer-spirits/c-150100075?page=4
https://shop.supervalu.ie/shopping/wine-beer-spirits-vodka/c-150302430?page=4
https://shop.supervalu.ie/shopping/wine-beer-spirits-irish-whiskey/c-150302435?page=4
https://shop.supervalu.ie/shopping/wine-beer-spirits-american-whiskey/c-150302450?page=4
https://shop.supervalu.ie/shopping/wine-beer-spirits-scotch-whisky/c-150302440?page=4
https://shop.supervalu.ie/shopping/wine-beer-spirits-brandy/c-150302455?page=4
https://shop.supervalu.ie/shopping/wine-beer-spirits-cream-liquers/c-150302460?page=4
https://shop.supervalu.ie/shopping/wine-beer-spirits-gin/c-150302465?page=4
https://shop.supervalu.ie/shopping/wine-beer-spirits-rum/c-150302475?page=4
https://shop.supervalu.ie/shopping/wine-beer-spirits-other/c-150302480?page=4
https://shop.supervalu.ie/shopping/wine-beer-spirits-lager/c-150302375?page=4
https://shop.supervalu.ie/shopping/wine-beer-spirits-stout/c-150302380?page=4
https://shop.supervalu.ie/shopping/wine-beer-spirits-ale/c-150302385?page=4
https://shop.supervalu.ie/shopping/wine-beer-spirits-lager/c-150302386?page=4
https://shop.supervalu.ie/shopping/wine-beer-spirits-stout/c-150302387?page=4
https://shop.supervalu.ie/shopping/wine-beer-spirits-ale/c-150302388?page=4
https://shop.supervalu.ie/shopping/wine-beer-spirits-cider/c-150302389?page=4
https://shop.supervalu.ie/shopping/wine-beer-spirits-cider/c-150302390?page=4
https://shop.supervalu.ie/shopping/wine-beer-spirits-alcopops/c-150302395?page=4
https://shop.supervalu.ie/shopping/wine-beer-spirits-rose/c-150302555?page=4
https://shop.supervalu.ie/shopping/wine-beer-spirits-other-fortified-dessert-wines/c-150410130?page=4
https://shop.supervalu.ie/shopping/wine-beer-spirits-port/c-150410125?page=4
https://shop.supervalu.ie/shopping/wine-beer-spirits-sherry/c-150410120?page=4
https://shop.supervalu.ie/shopping/wine-beer-spirits-champagne-sparkling/c-150302545?page=4
https://shop.supervalu.ie/shopping/wine-beer-spirits-australia/c-150409945?page=4
https://shop.supervalu.ie/shopping/wine-beer-spirits-chile/c-150409950?page=4
https://shop.supervalu.ie/shopping/wine-beer-spirits/c-150100075?page=4
https://shop.supervalu.ie/shopping/wine-beer-spirits-vodka/c-150302430?page=4
https://shop.supervalu.ie/shopping/wine-beer-spirits-irish-whiskey/c-150302435?page=4
https://shop.supervalu.ie/shopping/wine-beer-spirits-american-whiskey/c-150302450?page=4
https://shop.supervalu.ie/shopping/wine-beer-spirits-scotch-whisky/c-150302440?page=4
https://shop.supervalu.ie/shopping/wine-beer-spirits-brandy/c-150302455?page=4
https://shop.supervalu.ie/shopping/wine-beer-spirits-cream-liquers/c-150302460?page=4
https://shop.supervalu.ie/shopping/wine-beer-spirits-gin/c-150302465?page=4
https://shop.supervalu.ie/shopping/wine-beer-spirits-rum/c-150302475?page=4
https://shop.supervalu.ie/shopping/wine-beer-spirits-other/c-150302480?page=4
https://shop.supervalu.ie/shopping/wine-beer-spirits-lager/c-150302375?page=4
https://shop.supervalu.ie/shopping/wine-beer-spirits-stout/c-150302380?page=4
https://shop.supervalu.ie/shopping/wine-beer-spirits-ale/c-150302385?page=4
https://shop.supervalu.ie/shopping/wine-beer-spirits-lager/c-150302386?page=4
https://shop.supervalu.ie/shopping/wine-beer-spirits-stout/c-150302387?page=4
https://shop.supervalu.ie/shopping/wine-beer-spirits-ale/c-150302388?page=4
https://shop.supervalu.ie/shopping/wine-beer-spirits-cider/c-150302389?page=4
https://shop.supervalu.ie/shopping/wine-beer-spirits-cider/c-150302390?page=4
https://shop.supervalu.ie/shopping/wine-beer-spirits-alcopops/c-150302395?page=4
https://shop.supervalu.ie/shopping/wine-beer-spirits-rose/c-150302555?page=4
https://shop.supervalu.ie/shopping/wine-beer-spirits-other-fortified-dessert-wines/c-150410130?page=4
https://shop.supervalu.ie/shopping/wine-beer-spirits-port/c-150410125?page=4
https://shop.supervalu.ie/shopping/wine-beer-spirits-sherry/c-150410120?page=4
https://shop.supervalu.ie/shopping/wine-beer-spirits-champagne-sparkling/c-150302545?page=4
https://shop.supervalu.ie/shopping/wine-beer-spirits-australia/c-150409945?page=4
https://shop.supervalu.ie/shopping/wine-beer-spirits-chile/c-150409950?page=4
https://shop.supervalu.ie/shopping/wine-beer-spirits/c-150100075?page=4
https://shop.supervalu.ie/shopping/wine-beer-spirits-vodka/c-150302430?page=4
https://shop.supervalu.ie/shopping/wine-beer-spirits-irish-whiskey/c-150302435?page=4
https://shop.supervalu.ie/shopping/wine-beer-spirits-american-whiskey/c-150302450?page=4
https://shop.supervalu.ie/shopping/wine-beer-spirits-scotch-whisky/c-150302440?page=4
https://shop.supervalu.ie/shopping/wine-beer-spirits-brandy/c-150302455?page=4
https://shop.supervalu.ie/shopping/wine-beer-spirits-cream-liquers/c-150302460?page=4
https://shop.supervalu.ie/shopping/wine-beer-spirits-gin/c-150302465?page=4
https://shop.supervalu.ie/shopping/wine-beer-spirits-rum/c-150302475?page=4
https://shop.supervalu.ie/shopping/wine-beer-spirits-other/c-150302480?page=4
https://shop.supervalu.ie/shopping/wine-beer-spirits-lager/c-150302375?page=4
https://shop.supervalu.ie/shopping/wine-beer-spirits-stout/c-150302380?page=4
https://shop.supervalu.ie/shopping/wine-beer-spirits-ale/c-150302385?page=4
https://shop.supervalu.ie/shopping/wine-beer-spirits-lager/c-150302386?page=4
https://shop.supervalu.ie/shopping/wine-beer-spirits-stout/c-150302387?page=4
https://shop.supervalu.ie/shopping/wine-beer-spirits-ale/c-150302388?page=4
https://shop.supervalu.ie/shopping/wine-beer-spirits-cider/c-150302389?page=4
https://shop.supervalu.ie/shopping/wine-beer-spirits-cider/c-150302390?page=4
https://shop.supervalu.ie/shopping/wine-beer-spirits-alcopops/c-150302395?page=4
https://shop.supervalu.ie/shopping/wine-beer-spirits-rose/c-150302555?page=4
https://shop.supervalu.ie/shopping/wine-beer-spirits-other-fortified-dessert-wines/c-150410130?page=4
https://shop.supervalu.ie/shopping/wine-beer-spirits-port/c-150410125?page=4
https://shop.supervalu.ie/shopping/wine-beer-spirits-sherry/c-150410120?page=4
https://shop.supervalu.ie/shopping/wine-beer-spirits-champagne-sparkling/c-150302545?page=4
https://shop.supervalu.ie/shopping/wine-beer-spirits-australia/c-150409945?page=4
https://shop.supervalu.ie/shopping/wine-beer-spirits-chile/c-150409950?page=4
https://shop.supervalu.ie/shopping/wine-beer-spirits/c-150100075?page=4
https://shop.supervalu.ie/shopping/wine-beer-spirits-vodka/c-150302430?page=4
https://shop.supervalu.ie/shopping/wine-beer-spirits-irish-whiskey/c-150302435?page=4
https://shop.supervalu.ie/shopping/wine-beer-spirits-american-whiskey/c-150302450?page=4
https://shop.supervalu.ie/shopping/wine-beer-spirits-scotch-whisky/c-150302440?page=4
https://shop.supervalu.ie/shopping/wine-beer-spirits-brandy/c-150302455?page=4
https://shop.supervalu.ie/shopping/wine-beer-spirits-cream-liquers/c-150302460?page=4
https://shop.supervalu.ie/shopping/wine-beer-spirits-gin/c-150302465?page=4
https://shop.supervalu.ie/shopping/wine-beer-spirits-rum/c-150302475?page=4
https://shop.supervalu.ie/shopping/wine-beer-spirits-other/c-150302480?page=4
https://shop.supervalu.ie/shopping/wine-beer-spirits-lager/c-150302375?page=4
https://shop.supervalu.ie/shopping/wine-beer-spirits-stout/c-150302380?page=4
https://shop.supervalu.ie/shopping/wine-beer-spirits-ale/c-150302385?page=4
https://shop.supervalu.ie/shopping/wine-beer-spirits-lager/c-150302386?page=4
https://shop.supervalu.ie/shopping/wine-beer-spirits-stout/c-150302387?page=4
https://shop.supervalu.ie/shopping/wine-beer-spirits-ale/c-150302388?page=4
https://shop.supervalu.ie/shopping/wine-beer-spirits-cider/c-150302389?page=4
https://shop.supervalu.ie/shopping/wine-beer-spirits-cider/c-150302390?page=4
https://shop.supervalu.ie/shopping/wine-beer-spirits-alcopops/c-150302395?page=4
https://shop.supervalu.ie/shopping/wine-beer-spirits-rose/c-150302555?page=4
https://shop.supervalu.ie/shopping/wine-beer-spirits-other-fortified-dessert-wines/c-150410130?page=4
https://shop.supervalu.ie/shopping/wine-beer-spirits-port/c-150410125?page=4
https://shop.supervalu.ie/shopping/wine-beer-spirits-sherry/c-150410120?page=4
https://shop.supervalu.ie/shopping/wine-beer-spirits-champagne-sparkling/c-150302545?page=4
https://shop.supervalu.ie/shopping/wine-beer-spirits-australia/c-150409945?page=4
https://shop.supervalu.ie/shopping/wine-beer-spirits-chile/c-150409950?page=4
https://shop.supervalu.ie/shopping/wine-beer-spirits/c-150100075?page=4
https://shop.supervalu.ie/shopping/wine-beer-spirits-vodka/c-150302430?page=4
https://shop.supervalu.ie/shopping/wine-beer-spirits-irish-whiskey/c-150302435?page=4
https://shop.supervalu.ie/shopping/wine-beer-spirits-american-whiskey/c-150302450?page=4
https://shop.supervalu.ie/shopping/wine-beer-spirits-scotch-whisky/c-150302440?page=4
https://shop.supervalu.ie/shopping/wine-beer-spirits-brandy/c-150302455?page=4
https://shop.supervalu.ie/shopping/wine-beer-spirits-cream-liquers/c-150302460?page=4
https://shop.supervalu.ie/shopping/wine-beer-spirits-gin/c-150302465?page=4
https://shop.supervalu.ie/shopping/wine-beer-spirits-rum/c-150302475?page=4
https://shop.supervalu.ie/shopping/wine-beer-spirits-other/c-150302480?page=4
https://shop.supervalu.ie/shopping/wine-beer-spirits-lager/c-150302375?page=4
https://shop.supervalu.ie/shopping/wine-beer-spirits-stout/c-150302380?page=4
https://shop.supervalu.ie/shopping/wine-beer-spirits-ale/c-150302385?page=4
https://shop.supervalu.ie/shopping/wine-beer-spirits-lager/c-150302386?page=4
https://shop.supervalu.ie/shopping/wine-beer-spirits-stout/c-150302387?page=4
https://shop.supervalu.ie/shopping/wine-beer-spirits-ale/c-150302388?page=4
https://shop.supervalu.ie/shopping/wine-beer-spirits-cider/c-150302389?page=4
https://shop.supervalu.ie/shopping/wine-beer-spirits-cider/c-150302390?page=4
https://shop.supervalu.ie/shopping/wine-beer-spirits-alcopops/c-150302395?page=4
https://shop.supervalu.ie/shopping/wine-beer-spirits-rose/c-150302555?page=4
https://shop.supervalu.ie/shopping/wine-beer-spirits-other-fortified-dessert-wines/c-150410130?page=4
https://shop.supervalu.ie/shopping/wine-beer-spirits-port/c-150410125?page=4
https://shop.supervalu.ie/shopping/wine-beer-spirits-sherry/c-150410120?page=4
https://shop.supervalu.ie/shopping/wine-beer-spirits-champagne-sparkling/c-150302545?page=4
https://shop.supervalu.ie/shopping/wine-beer-spirits-australia/c-150409945?page=4
https://shop.supervalu.ie/shopping/wine-beer-spirits-chile/c-150409950?page=4
https://shop.supervalu.ie/shopping/wine-beer-spirits/c-150100075?page=4
https://shop.supervalu.ie/shopping/wine-beer-spirits-vodka/c-150302430?page=4
https://shop.supervalu.ie/shopping/wine-beer-spirits-irish-whiskey/c-150302435?page=4
https://shop.supervalu.ie/shopping/wine-beer-spirits-american-whiskey/c-150302450?page=4
https://shop.supervalu.ie/shopping/wine-beer-spirits-scotch-whisky/c-150302440?page=4
https://shop.supervalu.ie/shopping/wine-beer-spirits-brandy/c-150302455?page=4
https://shop.supervalu.ie/shopping/wine-beer-spirits-cream-liquers/c-150302460?page=4
https://shop.supervalu.ie/shopping/wine-beer-spirits-gin/c-150302465?page=4
https://shop.supervalu.ie/shopping/wine-beer-spirits-rum/c-150302475?page=4
https://shop.supervalu.ie/shopping/wine-beer-spirits-other/c-150302480?page=4
https://shop.supervalu.ie/shopping/wine-beer-spirits-lager/c-150302375?page=4
https://shop.supervalu.ie/shopping/wine-beer-spirits-stout/c-150302380?page=4
https://shop.supervalu.ie/shopping/wine-beer-spirits-ale/c-150302385?page=4
https://shop.supervalu.ie/shopping/wine-beer-spirits-lager/c-150302386?page=4
https://shop.supervalu.ie/shopping/wine-beer-spirits-stout/c-150302387?page=4
https://shop.supervalu.ie/shopping/wine-beer-spirits-ale/c-150302388?page=4
https://shop.supervalu.ie/shopping/wine-beer-spirits-cider/c-150302389?page=4
https://shop.supervalu.ie/shopping/wine-beer-spirits-cider/c-150302390?page=4
https://shop.supervalu.ie/shopping/wine-beer-spirits-alcopops/c-150302395?page=4
https://shop.supervalu.ie/shopping/wine-beer-spirits-rose/c-150302555?page=4
https://shop.supervalu.ie/shopping/wine-beer-spirits-other-fortified-dessert-wines/c-150410130?page=4
https://shop.supervalu.ie/shopping/wine-beer-spirits-port/c-150410125?page=4
https://shop.supervalu.ie/shopping/wine-beer-spirits-sherry/c-150410120?page=4
https://shop.supervalu.ie/shopping/wine-beer-spirits-champagne-sparkling/c-150302545?page=4
https://shop.supervalu.ie/shopping/wine-beer-spirits-australia/c-150409945?page=4
https://shop.supervalu.ie/shopping/wine-beer-spirits-chile/c-150409950?page=4
https://shop.supervalu.ie/shopping/wine-beer-spirits/c-150100075?page=4
https://shop.supervalu.ie/shopping/wine-beer-spirits-vodka/c-150302430?page=4
https://shop.supervalu.ie/shopping/wine-beer-spirits-irish-whiskey/c-150302435?page=4
https://shop.supervalu.ie/shopping/wine-beer-spirits-american-whiskey/c-150302450?page=4
https://shop.supervalu.ie/shopping/wine-beer-spirits-scotch-whisky/c-150302440?page=4
https://shop.supervalu.ie/shopping/wine-beer-spirits-brandy/c-150302455?page=4
https://shop.supervalu.ie/shopping/wine-beer-spirits-cream-liquers/c-150302460?page=4
https://shop.supervalu.ie/shopping/wine-beer-spirits-gin/c-150302465?page=4
https://shop.supervalu.ie/shopping/wine-beer-spirits-rum/c-150302475?page=4
https://shop.supervalu.ie/shopping/wine-beer-spirits-other/c-150302480?page=4
https://shop.supervalu.ie/shopping/wine-beer-spirits-lager/c-150302375?page=4
https://shop.supervalu.ie/shopping/wine-beer-spirits-stout/c-150302380?page=4
https://shop.supervalu.ie/shopping/wine-beer-spirits-ale/c-150302385?page=4
https://shop.supervalu.ie/shopping/wine-beer-spirits-lager/c-150302386?page=4
https://shop.supervalu.ie/shopping/wine-beer-spirits-stout/c-150302387?page=4
https://shop.supervalu.ie/shopping/wine-beer-spirits-ale/c-150302388?page=4
https://shop.supervalu.ie/shopping/wine-beer-spirits-cider/c-150302389?page=4
https://shop.supervalu.ie/shopping/wine-beer-spirits-cider/c-150302390?page=4
https://shop.supervalu.ie/shopping/wine-beer-spirits-alcopops/c-150302395?page=4
https://shop.supervalu.ie/shopping/wine-beer-spirits-rose/c-150302555?page=4
https://shop.supervalu.ie/shopping/wine-beer-spirits-other-fortified-dessert-wines/c-150410130?page=4
https://shop.supervalu.ie/shopping/wine-beer-spirits-port/c-150410125?page=4
https://shop.supervalu.ie/shopping/wine-beer-spirits-sherry/c-150410120?page=4
https://shop.supervalu.ie/shopping/wine-beer-spirits-champagne-sparkling/c-150302545?page=4
https://shop.supervalu.ie/shopping/wine-beer-spirits-australia/c-150409945?page=4
https://shop.supervalu.ie/shopping/wine-beer-spirits-chile/c-150409950?page=4
https://shop.supervalu.ie/shopping/wine-beer-spirits/c-150100075?page=4
https://shop.supervalu.ie/shopping/wine-beer-spirits-vodka/c-150302430?page=4
https://shop.supervalu.ie/shopping/wine-beer-spirits-irish-whiskey/c-150302435?page=4
https://shop.supervalu.ie/shopping/wine-beer-spirits-american-whiskey/c-150302450?page=4
https://shop.supervalu.ie/shopping/wine-beer-spirits-scotch-whisky/c-150302440?page=4
https://shop.supervalu.ie/shopping/wine-beer-spirits-brandy/c-150302455?page=4
https://shop.supervalu.ie/shopping/wine-beer-spirits-cream-liquers/c-150302460?page=4
https://shop.supervalu.ie/shopping/wine-beer-spirits-gin/c-150302465?page=4
https://shop.supervalu.ie/shopping/wine-beer-spirits-rum/c-150302475?page=4
https://shop.supervalu.ie/shopping/wine-beer-spirits-other/c-150302480?page=4
https://shop.supervalu.ie/shopping/wine-beer-spirits-lager/c-150302375?page=4
https://shop.supervalu.ie/shopping/wine-beer-spirits-stout/c-150302380?page=4
https://shop.supervalu.ie/shopping/wine-beer-spirits-ale/c-150302385?page=4
https://shop.supervalu.ie/shopping/wine-beer-spirits-lager/c-150302386?page=4
https://shop.supervalu.ie/shopping/wine-beer-spirits-stout/c-150302387?page=4
https://shop.supervalu.ie/shopping/wine-beer-spirits-ale/c-150302388?page=4
https://shop.supervalu.ie/shopping/wine-beer-spirits-cider/c-150302389?page=4
https://shop.supervalu.ie/shopping/wine-beer-spirits-cider/c-150302390?page=4
https://shop.supervalu.ie/shopping/wine-beer-spirits-alcopops/c-150302395?page=4
https://shop.supervalu.ie/shopping/wine-beer-spirits-rose/c-150302555?page=4
https://shop.supervalu.ie/shopping/wine-beer-spirits-other-fortified-dessert-wines/c-150410130?page=4
https://shop.supervalu.ie/shopping/wine-beer-spirits-port/c-150410125?page=4
https://shop.supervalu.ie/shopping/wine-beer-spirits-sherry/c-150410120?page=4
https://shop.supervalu.ie/shopping/wine-beer-spirits-champagne-sparkling/c-150302545?page=4
https://shop.supervalu.ie/shopping/wine-beer-spirits-australia/c-150409945?page=4
https://shop.supervalu.ie/shopping/wine-beer-spirits-chile/c-150409950?page=4
https://shop.supervalu.ie/shopping/wine-beer-spirits/c-150100075?page=4
https://shop.supervalu.ie/shopping/wine-beer-spirits-vodka/c-150302430?page=4
https://shop.supervalu.ie/shopping/wine-beer-spirits-irish-whiskey/c-150302435?page=4
https://shop.supervalu.ie/shopping/wine-beer-spirits-american-whiskey/c-150302450?page=4
https://shop.supervalu.ie/shopping/wine-beer-spirits-scotch-whisky/c-150302440?page=4
https://shop.supervalu.ie/shopping/wine-beer-spirits-brandy/c-150302455?page=4
https://shop.supervalu.ie/shopping/wine-beer-spirits-cream-liquers/c-150302460?page=4
https://shop.supervalu.ie/shopping/wine-beer-spirits-gin/c-150302465?page=4
https://shop.supervalu.ie/shopping/wine-beer-spirits-rum/c-150302475?page=4
https://shop.supervalu.ie/shopping/wine-beer-spirits-other/c-150302480?page=4
https://shop.supervalu.ie/shopping/wine-beer-spirits-lager/c-150302375?page=4
https://shop.supervalu.ie/shopping/wine-beer-spirits-stout/c-150302380?page=4
https://shop.supervalu.ie/shopping/wine-beer-spirits-ale/c-150302385?page=4
https://shop.supervalu.ie/shopping/wine-beer-spirits-lager/c-150302386?page=4
https://shop.supervalu.ie/shopping/wine-beer-spirits-stout/c-150302387?page=4
https://shop.supervalu.ie/shopping/wine-beer-spirits-ale/c-150302388?page=4
https://shop.supervalu.ie/shopping/wine-beer-spirits-cider/c-150302389?page=4
https://shop.supervalu.ie/shopping/wine-beer-spirits-cider/c-150302390?page=4
https://shop.supervalu.ie/shopping/wine-beer-spirits-alcopops/c-150302395?page=4
https://shop.supervalu.ie/shopping/wine-beer-spirits-rose/c-150302555?page=4
https://shop.supervalu.ie/shopping/wine-beer-spirits-other-fortified-dessert-wines/c-150410130?page=4
https://shop.supervalu.ie/shopping/wine-beer-spirits-port/c-150410125?page=4
https://shop.supervalu.ie/shopping/wine-beer-spirits-sherry/c-150410120?page=4
https://shop.supervalu.ie/shopping/wine-beer-spirits-champagne-sparkling/c-150302545?page=4
https://shop.supervalu.ie/shopping/wine-beer-spirits-australia/c-150409945?page=4
https://shop.supervalu.ie/shopping/wine-beer-spirits-chile/c-150409950?page=4
https://shop.supervalu.ie/shopping/wine-beer-spirits/c-150100075?page=4
https://shop.supervalu.ie/shopping/wine-beer-spirits-vodka/c-150302430?page=4
https://shop.supervalu.ie/shopping/wine-beer-spirits-irish-whiskey/c-150302435?page=4
https://shop.supervalu.ie/shopping/wine-beer-spirits-american-whiskey/c-150302450?page=4
https://shop.supervalu.ie/shopping/wine-beer-spirits-scotch-whisky/c-150302440?page=4
https://shop.supervalu.ie/shopping/wine-beer-spirits-brandy/c-150302455?page=4
https://shop.supervalu.ie/shopping/wine-beer-spirits-cream-liquers/c-150302460?page=4
https://shop.supervalu.ie/shopping/wine-beer-spirits-gin/c-150302465?page=4
https://shop.supervalu.ie/shopping/wine-beer-spirits-rum/c-150302475?page=4
https://shop.supervalu.ie/shopping/wine-beer-spirits-other/c-150302480?page=4
https://shop.supervalu.ie/shopping/wine-beer-spirits-lager/c-150302375?page=4
https://shop.supervalu.ie/shopping/wine-beer-spirits-stout/c-150302380?page=4
https://shop.supervalu.ie/shopping/wine-beer-spirits-ale/c-150302385?page=4
https://shop.supervalu.ie/shopping/wine-beer-spirits-lager/c-150302386?page=4
https://shop.supervalu.ie/shopping/wine-beer-spirits-stout/c-150302387?page=4
https://shop.supervalu.ie/shopping/wine-beer-spirits-ale/c-150302388?page=4
https://shop.supervalu.ie/shopping/wine-beer-spirits-cider/c-150302389?page=4
https://shop.supervalu.ie/shopping/wine-beer-spirits-cider/c-150302390?page=4
https://shop.supervalu.ie/shopping/wine-beer-spirits-alcopops/c-150302395?page=4
https://shop.supervalu.ie/shopping/wine-beer-spirits-rose/c-150302555?page=4
https://shop.supervalu.ie/shopping/wine-beer-spirits-other-fortified-dessert-wines/c-150410130?page=4
https://shop.supervalu.ie/shopping/wine-beer-spirits-port/c-150410125?page=4
https://shop.supervalu.ie/shopping/wine-beer-spirits-sherry/c-150410120?page=4
https://shop.supervalu.ie/shopping/wine-beer-spirits-champagne-sparkling/c-150302545?page=4
https://shop.supervalu.ie/shopping/wine-beer-spirits-australia/c-150409945?page=4
https://shop.supervalu.ie/shopping/wine-beer-spirits-chile/c-150409950?page=4
https://shop.supervalu.ie/shopping/wine-beer-spirits/c-150100075?page=4
https://shop.supervalu.ie/shopping/wine-beer-spirits-vodka/c-150302430?page=4
https://shop.supervalu.ie/shopping/wine-beer-spirits-irish-whiskey/c-150302435?page=4
https://shop.supervalu.ie/shopping/wine-beer-spirits-american-whiskey/c-150302450?page=4
https://shop.supervalu.ie/shopping/wine-beer-spirits-scotch-whisky/c-150302440?page=4
https://shop.supervalu.ie/shopping/wine-beer-spirits-brandy/c-150302455?page=4
https://shop.supervalu.ie/shopping/wine-beer-spirits-cream-liquers/c-150302460?page=4
https://shop.supervalu.ie/shopping/wine-beer-spirits-gin/c-150302465?page=4
https://shop.supervalu.ie/shopping/wine-beer-spirits-rum/c-150302475?page=4
https://shop.supervalu.ie/shopping/wine-beer-spirits-other/c-150302480?page=4
https://shop.supervalu.ie/shopping/wine-beer-spirits-lager/c-150302375?page=4
https://shop.supervalu.ie/shopping/wine-beer-spirits-stout/c-150302380?page=4
https://shop.supervalu.ie/shopping/wine-beer-spirits-ale/c-150302385?page=4
https://shop.supervalu.ie/shopping/wine-beer-spirits-lager/c-150302386?page=4
https://shop.supervalu.ie/shopping/wine-beer-spirits-stout/c-150302387?page=4
https://shop.supervalu.ie/shopping/wine-beer-spirits-ale/c-150302388?page=4
https://shop.supervalu.ie/shopping/wine-beer-spirits-cider/c-150302389?page=4
https://shop.supervalu.ie/shopping/wine-beer-spirits-cider/c-150302390?page=4
https://shop.supervalu.ie/shopping/wine-beer-spirits-alcopops/c-150302395?page=4
https://shop.supervalu.ie/shopping/wine-beer-spirits-rose/c-150302555?page=4
https://shop.supervalu.ie/shopping/wine-beer-spirits-other-fortified-dessert-wines/c-150410130?page=4
https://shop.supervalu.ie/shopping/wine-beer-spirits-port/c-150410125?page=4
https://shop.supervalu.ie/shopping/wine-beer-spirits-sherry/c-150410120?page=4
https://shop.supervalu.ie/shopping/wine-beer-spirits-champagne-sparkling/c-150302545?page=4
https://shop.supervalu.ie/shopping/wine-beer-spirits-australia/c-150409945?page=4
https://shop.supervalu.ie/shopping/wine-beer-spirits-chile/c-150409950?page=4
https://shop.supervalu.ie/shopping/wine-beer-spirits/c-150100075?page=4
https://shop.supervalu.ie/shopping/wine-beer-spirits-vodka/c-150302430?page=4
https://shop.supervalu.ie/shopping/wine-beer-spirits-irish-whiskey/c-150302435?page=4
https://shop.supervalu.ie/shopping/wine-beer-spirits-american-whiskey/c-150302450?page=4
https://shop.supervalu.ie/shopping/wine-beer-spirits-scotch-whisky/c-150302440?page=4
https://shop.supervalu.ie/shopping/wine-beer-spirits-brandy/c-150302455?page=4
https://shop.supervalu.ie/shopping/wine-beer-spirits-cream-liquers/c-150302460?page=4
https://shop.supervalu.ie/shopping/wine-beer-spirits-gin/c-150302465?page=4
https://shop.supervalu.ie/shopping/wine-beer-spirits-rum/c-150302475?page=4
https://shop.supervalu.ie/shopping/wine-beer-spirits-other/c-150302480?page=4
https://shop.supervalu.ie/shopping/wine-beer-spirits-lager/c-150302375?page=4
https://shop.supervalu.ie/shopping/wine-beer-spirits-stout/c-150302380?page=4
https://shop.supervalu.ie/shopping/wine-beer-spirits-ale/c-150302385?page=4
https://shop.supervalu.ie/shopping/wine-beer-spirits-lager/c-150302386?page=4
https://shop.supervalu.ie/shopping/wine-beer-spirits-stout/c-150302387?page=4
https://shop.supervalu.ie/shopping/wine-beer-spirits-ale/c-150302388?page=4
https://shop.supervalu.ie/shopping/wine-beer-spirits-cider/c-150302389?page=4
https://shop.supervalu.ie/shopping/wine-beer-spirits-cider/c-150302390?page=4
https://shop.supervalu.ie/shopping/wine-beer-spirits-alcopops/c-150302395?page=4
https://shop.supervalu.ie/shopping/wine-beer-spirits-rose/c-150302555?page=4
https://shop.supervalu.ie/shopping/wine-beer-spirits-other-fortified-dessert-wines/c-150410130?page=4
https://shop.supervalu.ie/shopping/wine-beer-spirits-port/c-150410125?page=4
https://shop.supervalu.ie/shopping/wine-beer-spirits-sherry/c-150410120?page=4
https://shop.supervalu.ie/shopping/wine-beer-spirits-champagne-sparkling/c-150302545?page=4
https://shop.supervalu.ie/shopping/wine-beer-spirits-australia/c-150409945?page=4
https://shop.supervalu.ie/shopping/wine-beer-spirits-chile/c-150409950?page=4
https://shop.supervalu.ie/shopping/wine-beer-spirits/c-150100075?page=4
https://shop.supervalu.ie/shopping/wine-beer-spirits-vodka/c-150302430?page=4
https://shop.supervalu.ie/shopping/wine-beer-spirits-irish-whiskey/c-150302435?page=4
https://shop.supervalu.ie/shopping/wine-beer-spirits-american-whiskey/c-150302450?page=4
https://shop.supervalu.ie/shopping/wine-beer-spirits-scotch-whisky/c-150302440?page=4
https://shop.supervalu.ie/shopping/wine-beer-spirits-brandy/c-150302455?page=4
https://shop.supervalu.ie/shopping/wine-beer-spirits-cream-liquers/c-150302460?page=4
https://shop.supervalu.ie/shopping/wine-beer-spirits-gin/c-150302465?page=4
https://shop.supervalu.ie/shopping/wine-beer-spirits-rum/c-150302475?page=4
https://shop.supervalu.ie/shopping/wine-beer-spirits-other/c-150302480?page=4
https://shop.supervalu.ie/shopping/wine-beer-spirits-lager/c-150302375?page=4
https://shop.supervalu.ie/shopping/wine-beer-spirits-stout/c-150302380?page=4
https://shop.supervalu.ie/shopping/wine-beer-spirits-ale/c-150302385?page=4
https://shop.supervalu.ie/shopping/wine-beer-spirits-lager/c-150302386?page=4
https://shop.supervalu.ie/shopping/wine-beer-spirits-stout/c-150302387?page=4
https://shop.supervalu.ie/shopping/wine-beer-spirits-ale/c-150302388?page=4
https://shop.supervalu.ie/shopping/wine-beer-spirits-cider/c-150302389?page=4
https://shop.supervalu.ie/shopping/wine-beer-spirits-cider/c-150302390?page=4
https://shop.supervalu.ie/shopping/wine-beer-spirits-alcopops/c-150302395?page=4
https://shop.supervalu.ie/shopping/wine-beer-spirits-rose/c-150302555?page=4
https://shop.supervalu.ie/shopping/wine-beer-spirits-other-fortified-dessert-wines/c-150410130?page=4
https://shop.supervalu.ie/shopping/wine-beer-spirits-port/c-150410125?page=4
https://shop.supervalu.ie/shopping/wine-beer-spirits-sherry/c-150410120?page=4
https://shop.supervalu.ie/shopping/wine-beer-spirits-champagne-sparkling/c-150302545?page=4
https://shop.supervalu.ie/shopping/wine-beer-spirits-australia/c-150409945?page=4
https://shop.supervalu.ie/shopping/wine-beer-spirits-chile/c-150409950?page=4
https://shop.supervalu.ie/shopping/wine-beer-spirits/c-150100075?page=4
https://shop.supervalu.ie/shopping/wine-beer-spirits-vodka/c-150302430?page=4
https://shop.supervalu.ie/shopping/wine-beer-spirits-irish-whiskey/c-150302435?page=4
https://shop.supervalu.ie/shopping/wine-beer-spirits-american-whiskey/c-150302450?page=4
https://shop.supervalu.ie/shopping/wine-beer-spirits-scotch-whisky/c-150302440?page=4
https://shop.supervalu.ie/shopping/wine-beer-spirits-brandy/c-150302455?page=4
https://shop.supervalu.ie/shopping/wine-beer-spirits-cream-liquers/c-150302460?page=4
https://shop.supervalu.ie/shopping/wine-beer-spirits-gin/c-150302465?page=4
https://shop.supervalu.ie/shopping/wine-beer-spirits-rum/c-150302475?page=4
https://shop.supervalu.ie/shopping/wine-beer-spirits-other/c-150302480?page=4
https://shop.supervalu.ie/shopping/wine-beer-spirits-lager/c-150302375?page=4
https://shop.supervalu.ie/shopping/wine-beer-spirits-stout/c-150302380?page=4
https://shop.supervalu.ie/shopping/wine-beer-spirits-ale/c-150302385?page=4
https://shop.supervalu.ie/shopping/wine-beer-spirits-lager/c-150302386?page=4
https://shop.supervalu.ie/shopping/wine-beer-spirits-stout/c-150302387?page=4
https://shop.supervalu.ie/shopping/wine-beer-spirits-ale/c-150302388?page=4
https://shop.supervalu.ie/shopping/wine-beer-spirits-cider/c-150302389?page=4
https://shop.supervalu.ie/shopping/wine-beer-spirits-cider/c-150302390?page=4
https://shop.supervalu.ie/shopping/wine-beer-spirits-alcopops/c-150302395?page=4
https://shop.supervalu.ie/shopping/wine-beer-spirits-rose/c-150302555?page=4
https://shop.supervalu.ie/shopping/wine-beer-spirits-other-fortified-dessert-wines/c-150410130?page=4
https://shop.supervalu.ie/shopping/wine-beer-spirits-port/c-150410125?page=4
https://shop.supervalu.ie/shopping/wine-beer-spirits-sherry/c-150410120?page=4
https://shop.supervalu.ie/shopping/wine-beer-spirits-champagne-sparkling/c-150302545?page=4
https://shop.supervalu.ie/shopping/wine-beer-spirits-australia/c-150409945?page=4
https://shop.supervalu.ie/shopping/wine-beer-spirits-chile/c-150409950?page=4
https://shop.supervalu.ie/shopping/wine-beer-spirits/c-150100075?page=4
https://shop.supervalu.ie/shopping/wine-beer-spirits-vodka/c-150302430?page=4
https://shop.supervalu.ie/shopping/wine-beer-spirits-irish-whiskey/c-150302435?page=4
https://shop.supervalu.ie/shopping/wine-beer-spirits-american-whiskey/c-150302450?page=4
https://shop.supervalu.ie/shopping/wine-beer-spirits-scotch-whisky/c-150302440?page=4
https://shop.supervalu.ie/shopping/wine-beer-spirits-brandy/c-150302455?page=4
https://shop.supervalu.ie/shopping/wine-beer-spirits-cream-liquers/c-150302460?page=4
https://shop.supervalu.ie/shopping/wine-beer-spirits-gin/c-150302465?page=4
https://shop.supervalu.ie/shopping/wine-beer-spirits-rum/c-150302475?page=4
https://shop.supervalu.ie/shopping/wine-beer-spirits-other/c-150302480?page=4
https://shop.supervalu.ie/shopping/wine-beer-spirits-lager/c-150302375?page=4
https://shop.supervalu.ie/shopping/wine-beer-spirits-stout/c-150302380?page=4
https://shop.supervalu.ie/shopping/wine-beer-spirits-ale/c-150302385?page=4
https://shop.supervalu.ie/shopping/wine-beer-spirits-lager/c-150302386?page=4
https://shop.supervalu.ie/shopping/wine-beer-spirits-stout/c-150302387?page=4
https://shop.supervalu.ie/shopping/wine-beer-spirits-ale/c-150302388?page=4
https://shop.supervalu.ie/shopping/wine-beer-spirits-cider/c-150302389?page=4
https://shop.supervalu.ie/shopping/wine-beer-spirits-cider/c-150302390?page=4
https://shop.supervalu.ie/shopping/wine-beer-spirits-alcopops/c-150302395?page=4
https://shop.supervalu.ie/shopping/wine-beer-spirits-rose/c-150302555?page=4
https://shop.supervalu.ie/shopping/wine-beer-spirits-other-fortified-dessert-wines/c-150410130?page=4
https://shop.supervalu.ie/shopping/wine-beer-spirits-port/c-150410125?page=4
https://shop.supervalu.ie/shopping/wine-beer-spirits-sherry/c-150410120?page=4
https://shop.supervalu.ie/shopping/wine-beer-spirits-champagne-sparkling/c-150302545?page=4
https://shop.supervalu.ie/shopping/wine-beer-spirits-australia/c-150409945?page=4
https://shop.supervalu.ie/shopping/wine-beer-spirits-chile/c-150409950?page=4
https://shop.supervalu.ie/shopping/wine-beer-spirits/c-150100075?page=4
https://shop.supervalu.ie/shopping/wine-beer-spirits-vodka/c-150302430?page=4
https://shop.supervalu.ie/shopping/wine-beer-spirits-irish-whiskey/c-150302435?page=4
https://shop.supervalu.ie/shopping/wine-beer-spirits-american-whiskey/c-150302450?page=4
https://shop.supervalu.ie/shopping/wine-beer-spirits-scotch-whisky/c-150302440?page=4
https://shop.supervalu.ie/shopping/wine-beer-spirits-brandy/c-150302455?page=4
https://shop.supervalu.ie/shopping/wine-beer-spirits-cream-liquers/c-150302460?page=4
https://shop.supervalu.ie/shopping/wine-beer-spirits-gin/c-150302465?page=4
https://shop.supervalu.ie/shopping/wine-beer-spirits-rum/c-150302475?page=4
https://shop.supervalu.ie/shopping/wine-beer-spirits-other/c-150302480?page=4
https://shop.supervalu.ie/shopping/wine-beer-spirits-lager/c-150302375?page=4
https://shop.supervalu.ie/shopping/wine-beer-spirits-stout/c-150302380?page=4
https://shop.supervalu.ie/shopping/wine-beer-spirits-ale/c-150302385?page=4
https://shop.supervalu.ie/shopping/wine-beer-spirits-lager/c-150302386?page=4
https://shop.supervalu.ie/shopping/wine-beer-spirits-stout/c-150302387?page=4
https://shop.supervalu.ie/shopping/wine-beer-spirits-ale/c-150302388?page=4
https://shop.supervalu.ie/shopping/wine-beer-spirits-cider/c-150302389?page=4
https://shop.supervalu.ie/shopping/wine-beer-spirits-cider/c-150302390?page=4
https://shop.supervalu.ie/shopping/wine-beer-spirits-alcopops/c-150302395?page=4
https://shop.supervalu.ie/shopping/wine-beer-spirits-rose/c-150302555?page=4
https://shop.supervalu.ie/shopping/wine-beer-spirits-other-fortified-dessert-wines/c-150410130?page=4
https://shop.supervalu.ie/shopping/wine-beer-spirits-port/c-150410125?page=4
https://shop.supervalu.ie/shopping/wine-beer-spirits-sherry/c-150410120?page=4
https://shop.supervalu.ie/shopping/wine-beer-spirits-champagne-sparkling/c-150302545?page=4
https://shop.supervalu.ie/shopping/wine-beer-spirits-australia/c-150409945?page=4
https://shop.supervalu.ie/shopping/wine-beer-spirits-chile/c-150409950?page=4
